{"numFailedTestSuites":0,"numFailedTests":0,"numPassedTestSuites":34,"numPassedTests":595,"numPendingTestSuites":0,"numPendingTests":0,"numRuntimeErrorTestSuites":0,"numTodoTests":0,"numTotalTestSuites":34,"numTotalTests":595,"openHandles":[],"snapshot":{"added":0,"didUpdate":false,"failure":false,"filesAdded":0,"filesRemoved":0,"filesRemovedList":[],"filesUnmatched":0,"filesUpdated":0,"matched":521,"total":521,"unchecked":0,"uncheckedKeysByFile":[],"unmatched":0,"updated":0},"startTime":1589898143795,"success":true,"testResults":[{"assertionResults":[{"ancestorTitles":["SFileInput.vue"],"failureMessages":[],"fullName":"SFileInput.vue renders correctly","location":null,"status":"passed","title":"renders correctly"},{"ancestorTitles":["SFileInput.vue"],"failureMessages":[],"fullName":"SFileInput.vue requires id, and label","location":null,"status":"passed","title":"requires id, and label"},{"ancestorTitles":["SFileInput.vue"],"failureMessages":[],"fullName":"SFileInput.vue handles inputs","location":null,"status":"passed","title":"handles inputs"},{"ancestorTitles":["SFileInput.vue"],"failureMessages":[],"fullName":"SFileInput.vue passes `multiple` to the input","location":null,"status":"passed","title":"passes `multiple` to the input"},{"ancestorTitles":["SFileInput.vue"],"failureMessages":[],"fullName":"SFileInput.vue can upload multiple files","location":null,"status":"passed","title":"can upload multiple files"},{"ancestorTitles":["SFileInput.vue"],"failureMessages":[],"fullName":"SFileInput.vue can remove files","location":null,"status":"passed","title":"can remove files"},{"ancestorTitles":["SFileInput.vue"],"failureMessages":[],"fullName":"SFileInput.vue works with v-model","location":null,"status":"passed","title":"works with v-model"},{"ancestorTitles":["SFileInput.vue"],"failureMessages":[],"fullName":"SFileInput.vue displays a file count","location":null,"status":"passed","title":"displays a file count"},{"ancestorTitles":["SFileInput.vue"],"failureMessages":[],"fullName":"SFileInput.vue can hide a file count","location":null,"status":"passed","title":"can hide a file count"},{"ancestorTitles":["SFileInput.vue"],"failureMessages":[],"fullName":"SFileInput.vue checks for duplicate file names","location":null,"status":"passed","title":"checks for duplicate file names"},{"ancestorTitles":["SFileInput.vue"],"failureMessages":[],"fullName":"SFileInput.vue displays file names to users","location":null,"status":"passed","title":"displays file names to users"},{"ancestorTitles":["SFileInput.vue"],"failureMessages":[],"fullName":"SFileInput.vue hides the file list if no files exist","location":null,"status":"passed","title":"hides the file list if no files exist"},{"ancestorTitles":["SFileInput.vue"],"failureMessages":[],"fullName":"SFileInput.vue checks for max file size","location":null,"status":"passed","title":"checks for max file size"},{"ancestorTitles":["SFileInput.vue"],"failureMessages":[],"fullName":"SFileInput.vue displays the file size limit","location":null,"status":"passed","title":"displays the file size limit"},{"ancestorTitles":["SFileInput.vue"],"failureMessages":[],"fullName":"SFileInput.vue can have custom text","location":null,"status":"passed","title":"can have custom text"},{"ancestorTitles":["SFileInput.vue","drop zone"],"failureMessages":[],"fullName":"SFileInput.vue drop zone can be a drop zone","location":null,"status":"passed","title":"can be a drop zone"},{"ancestorTitles":["SFileInput.vue","drop zone"],"failureMessages":[],"fullName":"SFileInput.vue drop zone can hide the icon","location":null,"status":"passed","title":"can hide the icon"},{"ancestorTitles":["SFileInput.vue","drop zone"],"failureMessages":[],"fullName":"SFileInput.vue drop zone handles \"dragenter\" correctly","location":null,"status":"passed","title":"handles \"dragenter\" correctly"},{"ancestorTitles":["SFileInput.vue","drop zone"],"failureMessages":[],"fullName":"SFileInput.vue drop zone handles \"dragover\" correctly","location":null,"status":"passed","title":"handles \"dragover\" correctly"},{"ancestorTitles":["SFileInput.vue","drop zone"],"failureMessages":[],"fullName":"SFileInput.vue drop zone handles \"dragleave\" correctly","location":null,"status":"passed","title":"handles \"dragleave\" correctly"},{"ancestorTitles":["SFileInput.vue","drop zone"],"failureMessages":[],"fullName":"SFileInput.vue drop zone handles \"drop\" correctly","location":null,"status":"passed","title":"handles \"drop\" correctly"}],"endTime":1589898147491,"message":"","name":"/builds/spartanbio-ux/schedio/src/components/SFileInput/__tests__/SFileInput.spec.js","startTime":1589898144440,"status":"passed","summary":""},{"assertionResults":[{"ancestorTitles":["SSelect.vue"],"failureMessages":[],"fullName":"SSelect.vue renders correctly","location":null,"status":"passed","title":"renders correctly"},{"ancestorTitles":["SSelect.vue"],"failureMessages":[],"fullName":"SSelect.vue requires required props","location":null,"status":"passed","title":"requires required props"},{"ancestorTitles":["SSelect.vue"],"failureMessages":[],"fullName":"SSelect.vue can have a single placeholder","location":null,"status":"passed","title":"can have a single placeholder"},{"ancestorTitles":["SSelect.vue"],"failureMessages":[],"fullName":"SSelect.vue can use an array of objects for `selectOptions`","location":null,"status":"passed","title":"can use an array of objects for `selectOptions`"},{"ancestorTitles":["SSelect.vue"],"failureMessages":[],"fullName":"SSelect.vue can use an object of objects for `selectOptions`","location":null,"status":"passed","title":"can use an object of objects for `selectOptions`"},{"ancestorTitles":["SSelect.vue"],"failureMessages":[],"fullName":"SSelect.vue can use an object of arrays `selectOptions` with groups","location":null,"status":"passed","title":"can use an object of arrays `selectOptions` with groups"},{"ancestorTitles":["SSelect.vue"],"failureMessages":[],"fullName":"SSelect.vue can be a multiple select","location":null,"status":"passed","title":"can be a multiple select"},{"ancestorTitles":["SSelect.vue"],"failureMessages":[],"fullName":"SSelect.vue accepts input","location":null,"status":"passed","title":"accepts input"},{"ancestorTitles":["SSelect.vue"],"failureMessages":[],"fullName":"SSelect.vue can be invalid","location":null,"status":"passed","title":"can be invalid"},{"ancestorTitles":["SSelect.vue"],"failureMessages":[],"fullName":"SSelect.vue can be required","location":null,"status":"passed","title":"can be required"},{"ancestorTitles":["SSelect.vue"],"failureMessages":[],"fullName":"SSelect.vue can be inline","location":null,"status":"passed","title":"can be inline"},{"ancestorTitles":["SSelect.vue"],"failureMessages":[],"fullName":"SSelect.vue can be fullwidth","location":null,"status":"passed","title":"can be fullwidth"},{"ancestorTitles":["SSelect.vue"],"failureMessages":[],"fullName":"SSelect.vue can have an icon on the left","location":null,"status":"passed","title":"can have an icon on the left"},{"ancestorTitles":["SSelect.vue"],"failureMessages":[],"fullName":"SSelect.vue can have an icon on the right","location":null,"status":"passed","title":"can have an icon on the right"},{"ancestorTitles":["SSelect.vue"],"failureMessages":[],"fullName":"SSelect.vue can set each icon color","location":null,"status":"passed","title":"can set each icon color"},{"ancestorTitles":["SSelect.vue"],"failureMessages":[],"fullName":"SSelect.vue can hide the optional tag","location":null,"status":"passed","title":"can hide the optional tag"},{"ancestorTitles":["SSelect.vue"],"failureMessages":[],"fullName":"SSelect.vue can be disabled correctly","location":null,"status":"passed","title":"can be disabled correctly"}],"endTime":1589898148218,"message":"","name":"/builds/spartanbio-ux/schedio/src/components/SSelect/__tests__/SSelect.spec.js","startTime":1589898147503,"status":"passed","summary":""},{"assertionResults":[{"ancestorTitles":["SButton.vue"],"failureMessages":[],"fullName":"SButton.vue renders correctly","location":null,"status":"passed","title":"renders correctly"},{"ancestorTitles":["SButton.vue","with color turquoise","and base style"],"failureMessages":[],"fullName":"SButton.vue with color turquoise and base style can be the base shade","location":null,"status":"passed","title":"can be the base shade"},{"ancestorTitles":["SButton.vue","with color turquoise","and \"outlined\" style"],"failureMessages":[],"fullName":"SButton.vue with color turquoise and \"outlined\" style can be the base shade","location":null,"status":"passed","title":"can be the base shade"},{"ancestorTitles":["SButton.vue","with color turquoise","and \"text\" style"],"failureMessages":[],"fullName":"SButton.vue with color turquoise and \"text\" style can be the base shade","location":null,"status":"passed","title":"can be the base shade"},{"ancestorTitles":["SButton.vue","with color gold","and base style"],"failureMessages":[],"fullName":"SButton.vue with color gold and base style can be the base shade","location":null,"status":"passed","title":"can be the base shade"},{"ancestorTitles":["SButton.vue","with color gold","and \"outlined\" style"],"failureMessages":[],"fullName":"SButton.vue with color gold and \"outlined\" style can be the base shade","location":null,"status":"passed","title":"can be the base shade"},{"ancestorTitles":["SButton.vue","with color gold","and \"text\" style"],"failureMessages":[],"fullName":"SButton.vue with color gold and \"text\" style can be the base shade","location":null,"status":"passed","title":"can be the base shade"},{"ancestorTitles":["SButton.vue","with color ice","and base style"],"failureMessages":[],"fullName":"SButton.vue with color ice and base style can be the base shade","location":null,"status":"passed","title":"can be the base shade"},{"ancestorTitles":["SButton.vue","with color ice","and \"outlined\" style"],"failureMessages":[],"fullName":"SButton.vue with color ice and \"outlined\" style can be the base shade","location":null,"status":"passed","title":"can be the base shade"},{"ancestorTitles":["SButton.vue","with color ice","and \"text\" style"],"failureMessages":[],"fullName":"SButton.vue with color ice and \"text\" style can be the base shade","location":null,"status":"passed","title":"can be the base shade"},{"ancestorTitles":["SButton.vue","with color green","and base style"],"failureMessages":[],"fullName":"SButton.vue with color green and base style can be the base shade","location":null,"status":"passed","title":"can be the base shade"},{"ancestorTitles":["SButton.vue","with color green","and \"outlined\" style"],"failureMessages":[],"fullName":"SButton.vue with color green and \"outlined\" style can be the base shade","location":null,"status":"passed","title":"can be the base shade"},{"ancestorTitles":["SButton.vue","with color green","and \"text\" style"],"failureMessages":[],"fullName":"SButton.vue with color green and \"text\" style can be the base shade","location":null,"status":"passed","title":"can be the base shade"},{"ancestorTitles":["SButton.vue","with color magenta","and base style"],"failureMessages":[],"fullName":"SButton.vue with color magenta and base style can be the base shade","location":null,"status":"passed","title":"can be the base shade"},{"ancestorTitles":["SButton.vue","with color magenta","and \"outlined\" style"],"failureMessages":[],"fullName":"SButton.vue with color magenta and \"outlined\" style can be the base shade","location":null,"status":"passed","title":"can be the base shade"},{"ancestorTitles":["SButton.vue","with color magenta","and \"text\" style"],"failureMessages":[],"fullName":"SButton.vue with color magenta and \"text\" style can be the base shade","location":null,"status":"passed","title":"can be the base shade"},{"ancestorTitles":["SButton.vue","with color blue","and base style"],"failureMessages":[],"fullName":"SButton.vue with color blue and base style can be the base shade","location":null,"status":"passed","title":"can be the base shade"},{"ancestorTitles":["SButton.vue","with color blue","and \"outlined\" style"],"failureMessages":[],"fullName":"SButton.vue with color blue and \"outlined\" style can be the base shade","location":null,"status":"passed","title":"can be the base shade"},{"ancestorTitles":["SButton.vue","with color blue","and \"text\" style"],"failureMessages":[],"fullName":"SButton.vue with color blue and \"text\" style can be the base shade","location":null,"status":"passed","title":"can be the base shade"},{"ancestorTitles":["SButton.vue","with color night","and base style"],"failureMessages":[],"fullName":"SButton.vue with color night and base style can be the base shade","location":null,"status":"passed","title":"can be the base shade"},{"ancestorTitles":["SButton.vue","with color night","and \"outlined\" style"],"failureMessages":[],"fullName":"SButton.vue with color night and \"outlined\" style can be the base shade","location":null,"status":"passed","title":"can be the base shade"},{"ancestorTitles":["SButton.vue","with color night","and \"text\" style"],"failureMessages":[],"fullName":"SButton.vue with color night and \"text\" style can be the base shade","location":null,"status":"passed","title":"can be the base shade"},{"ancestorTitles":["SButton.vue","with color grey","and base style"],"failureMessages":[],"fullName":"SButton.vue with color grey and base style can be the base shade","location":null,"status":"passed","title":"can be the base shade"},{"ancestorTitles":["SButton.vue","with color grey","and \"outlined\" style"],"failureMessages":[],"fullName":"SButton.vue with color grey and \"outlined\" style can be the base shade","location":null,"status":"passed","title":"can be the base shade"},{"ancestorTitles":["SButton.vue","with color grey","and \"text\" style"],"failureMessages":[],"fullName":"SButton.vue with color grey and \"text\" style can be the base shade","location":null,"status":"passed","title":"can be the base shade"},{"ancestorTitles":["SButton.vue","with color red","and base style"],"failureMessages":[],"fullName":"SButton.vue with color red and base style can be the base shade","location":null,"status":"passed","title":"can be the base shade"},{"ancestorTitles":["SButton.vue","with color red","and \"outlined\" style"],"failureMessages":[],"fullName":"SButton.vue with color red and \"outlined\" style can be the base shade","location":null,"status":"passed","title":"can be the base shade"},{"ancestorTitles":["SButton.vue","with color red","and \"text\" style"],"failureMessages":[],"fullName":"SButton.vue with color red and \"text\" style can be the base shade","location":null,"status":"passed","title":"can be the base shade"},{"ancestorTitles":["SButton.vue","with color white","and base style"],"failureMessages":[],"fullName":"SButton.vue with color white and base style can be the base shade","location":null,"status":"passed","title":"can be the base shade"},{"ancestorTitles":["SButton.vue","with color white","and \"outlined\" style"],"failureMessages":[],"fullName":"SButton.vue with color white and \"outlined\" style can be the base shade","location":null,"status":"passed","title":"can be the base shade"},{"ancestorTitles":["SButton.vue","with color white","and \"text\" style"],"failureMessages":[],"fullName":"SButton.vue with color white and \"text\" style can be the base shade","location":null,"status":"passed","title":"can be the base shade"},{"ancestorTitles":["SButton.vue","can be size"],"failureMessages":[],"fullName":"SButton.vue can be size small","location":null,"status":"passed","title":"small"},{"ancestorTitles":["SButton.vue","can be size"],"failureMessages":[],"fullName":"SButton.vue can be size regular","location":null,"status":"passed","title":"regular"},{"ancestorTitles":["SButton.vue","can be size"],"failureMessages":[],"fullName":"SButton.vue can be size large","location":null,"status":"passed","title":"large"},{"ancestorTitles":["SButton.vue","can have an icon"],"failureMessages":[],"fullName":"SButton.vue can have an icon on the left","location":null,"status":"passed","title":"on the left"},{"ancestorTitles":["SButton.vue","can have an icon"],"failureMessages":[],"fullName":"SButton.vue can have an icon on the right","location":null,"status":"passed","title":"on the right"},{"ancestorTitles":["SButton.vue","can have an icon"],"failureMessages":[],"fullName":"SButton.vue can have an icon and no text","location":null,"status":"passed","title":"and no text"},{"ancestorTitles":["SButton.vue","validates"],"failureMessages":[],"fullName":"SButton.vue validates color","location":null,"status":"passed","title":"color"},{"ancestorTitles":["SButton.vue","validates"],"failureMessages":[],"fullName":"SButton.vue validates type","location":null,"status":"passed","title":"type"},{"ancestorTitles":["SButton.vue","validates"],"failureMessages":[],"fullName":"SButton.vue validates size","location":null,"status":"passed","title":"size"},{"ancestorTitles":["SButton.vue","errors if"],"failureMessages":[],"fullName":"SButton.vue errors if no discernible text","location":null,"status":"passed","title":"no discernible text"},{"ancestorTitles":["SButton.vue"],"failureMessages":[],"fullName":"SButton.vue handles clicks","location":null,"status":"passed","title":"handles clicks"},{"ancestorTitles":["SButton.vue"],"failureMessages":[],"fullName":"SButton.vue can use slot text for `aria-label`","location":null,"status":"passed","title":"can use slot text for `aria-label`"},{"ancestorTitles":["SButton.vue"],"failureMessages":[],"fullName":"SButton.vue can have a loading spinner","location":null,"status":"passed","title":"can have a loading spinner"}],"endTime":1589898149860,"message":"","name":"/builds/spartanbio-ux/schedio/src/components/SButton/__tests__/SButton.spec.js","startTime":1589898148225,"status":"passed","summary":""},{"assertionResults":[{"ancestorTitles":["SChip.vue","base"],"failureMessages":[],"fullName":"SChip.vue base renders correctly","location":null,"status":"passed","title":"renders correctly"},{"ancestorTitles":["SChip.vue","base"],"failureMessages":[],"fullName":"SChip.vue base can have color turquoise","location":null,"status":"passed","title":"can have color turquoise"},{"ancestorTitles":["SChip.vue","base"],"failureMessages":[],"fullName":"SChip.vue base can have color gold","location":null,"status":"passed","title":"can have color gold"},{"ancestorTitles":["SChip.vue","base"],"failureMessages":[],"fullName":"SChip.vue base can have color ice","location":null,"status":"passed","title":"can have color ice"},{"ancestorTitles":["SChip.vue","base"],"failureMessages":[],"fullName":"SChip.vue base can have color green","location":null,"status":"passed","title":"can have color green"},{"ancestorTitles":["SChip.vue","base"],"failureMessages":[],"fullName":"SChip.vue base can have color magenta","location":null,"status":"passed","title":"can have color magenta"},{"ancestorTitles":["SChip.vue","base"],"failureMessages":[],"fullName":"SChip.vue base can have color blue","location":null,"status":"passed","title":"can have color blue"},{"ancestorTitles":["SChip.vue","base"],"failureMessages":[],"fullName":"SChip.vue base can have color night","location":null,"status":"passed","title":"can have color night"},{"ancestorTitles":["SChip.vue","base"],"failureMessages":[],"fullName":"SChip.vue base can have color grey","location":null,"status":"passed","title":"can have color grey"},{"ancestorTitles":["SChip.vue","base"],"failureMessages":[],"fullName":"SChip.vue base can have color red","location":null,"status":"passed","title":"can have color red"},{"ancestorTitles":["SChip.vue","base"],"failureMessages":[],"fullName":"SChip.vue base can have color white","location":null,"status":"passed","title":"can have color white"},{"ancestorTitles":["SChip.vue","base"],"failureMessages":[],"fullName":"SChip.vue base validates colors","location":null,"status":"passed","title":"validates colors"},{"ancestorTitles":["SChip.vue","base"],"failureMessages":[],"fullName":"SChip.vue base can have its HTML tag set","location":null,"status":"passed","title":"can have its HTML tag set"},{"ancestorTitles":["SChip.vue","closable"],"failureMessages":[],"fullName":"SChip.vue closable can be closable","location":null,"status":"passed","title":"can be closable"},{"ancestorTitles":["SChip.vue","closable"],"failureMessages":[],"fullName":"SChip.vue closable emits a close event when the button is clicked","location":null,"status":"passed","title":"emits a close event when the button is clicked"},{"ancestorTitles":["SChip.vue","closable"],"failureMessages":[],"fullName":"SChip.vue closable works with v-model","location":null,"status":"passed","title":"works with v-model"},{"ancestorTitles":["SChip.vue","closable"],"failureMessages":[],"fullName":"SChip.vue closable sets `aria-hidden` on close","location":null,"status":"passed","title":"sets `aria-hidden` on close"},{"ancestorTitles":["SChip.vue","closable"],"failureMessages":[],"fullName":"SChip.vue closable can change the button's `aria-label`","location":null,"status":"passed","title":"can change the button's `aria-label`"}],"endTime":1589898150672,"message":"","name":"/builds/spartanbio-ux/schedio/src/components/SChip/__tests__/SChip.spec.js","startTime":1589898149879,"status":"passed","summary":""},{"assertionResults":[{"ancestorTitles":["SLink.vue"],"failureMessages":[],"fullName":"SLink.vue can display link text","location":null,"status":"passed","title":"can display link text"},{"ancestorTitles":["SLink.vue"],"failureMessages":[],"fullName":"SLink.vue requires a url","location":null,"status":"passed","title":"requires a url"},{"ancestorTitles":["SLink.vue"],"failureMessages":[],"fullName":"SLink.vue detects external links and uses `a` tag for them","location":null,"status":"passed","title":"detects external links and uses `a` tag for them"},{"ancestorTitles":["SLink.vue"],"failureMessages":[],"fullName":"SLink.vue respects `isExternal` prop","location":null,"status":"passed","title":"respects `isExternal` prop"},{"ancestorTitles":["SLink.vue"],"failureMessages":[],"fullName":"SLink.vue can be set to `a`","location":null,"status":"passed","title":"can be set to `a`"},{"ancestorTitles":["SLink.vue"],"failureMessages":[],"fullName":"SLink.vue uses `a` when no router is present","location":null,"status":"passed","title":"uses `a` when no router is present"},{"ancestorTitles":["SLink.vue"],"failureMessages":[],"fullName":"SLink.vue can be plain","location":null,"status":"passed","title":"can be plain"},{"ancestorTitles":["SLink.vue"],"failureMessages":[],"fullName":"SLink.vue can be light","location":null,"status":"passed","title":"can be light"},{"ancestorTitles":["SLink.vue"],"failureMessages":[],"fullName":"SLink.vue can have an icon","location":null,"status":"passed","title":"can have an icon"},{"ancestorTitles":["SLink.vue"],"failureMessages":[],"fullName":"SLink.vue uses best practices for [target=\"_blank\"]","location":null,"status":"passed","title":"uses best practices for [target=\"_blank\"]"},{"ancestorTitles":["SLink.vue"],"failureMessages":[],"fullName":"SLink.vue detects internal links and uses a link component","location":null,"status":"passed","title":"detects internal links and uses a link component"},{"ancestorTitles":["SLink.vue"],"failureMessages":[],"fullName":"SLink.vue can use custom router components","location":null,"status":"passed","title":"can use custom router components"}],"endTime":1589898151222,"message":"","name":"/builds/spartanbio-ux/schedio/src/components/SLink/__tests__/SLink.spec.js","startTime":1589898150682,"status":"passed","summary":""},{"assertionResults":[{"ancestorTitles":["SInput.vue"],"failureMessages":[],"fullName":"SInput.vue renders correctly","location":null,"status":"passed","title":"renders correctly"},{"ancestorTitles":["SInput.vue"],"failureMessages":[],"fullName":"SInput.vue requires required props","location":null,"status":"passed","title":"requires required props"},{"ancestorTitles":["SInput.vue"],"failureMessages":[],"fullName":"SInput.vue validates the input type","location":null,"status":"passed","title":"validates the input type"},{"ancestorTitles":["SInput.vue"],"failureMessages":[],"fullName":"SInput.vue can be required","location":null,"status":"passed","title":"can be required"},{"ancestorTitles":["SInput.vue"],"failureMessages":[],"fullName":"SInput.vue can be invalid","location":null,"status":"passed","title":"can be invalid"},{"ancestorTitles":["SInput.vue"],"failureMessages":[],"fullName":"SInput.vue can have a placeholder","location":null,"status":"passed","title":"can have a placeholder"},{"ancestorTitles":["SInput.vue"],"failureMessages":[],"fullName":"SInput.vue accepts user input","location":null,"status":"passed","title":"accepts user input"},{"ancestorTitles":["SInput.vue"],"failureMessages":[],"fullName":"SInput.vue can have an icon on the left","location":null,"status":"passed","title":"can have an icon on the left"},{"ancestorTitles":["SInput.vue"],"failureMessages":[],"fullName":"SInput.vue can have an icon on the right","location":null,"status":"passed","title":"can have an icon on the right"},{"ancestorTitles":["SInput.vue"],"failureMessages":[],"fullName":"SInput.vue can set each icon color","location":null,"status":"passed","title":"can set each icon color"},{"ancestorTitles":["SInput.vue"],"failureMessages":[],"fullName":"SInput.vue can hide the optional tag","location":null,"status":"passed","title":"can hide the optional tag"}],"endTime":1589898151598,"message":"","name":"/builds/spartanbio-ux/schedio/src/components/SInput/__tests__/SInput.spec.js","startTime":1589898151228,"status":"passed","summary":""},{"assertionResults":[{"ancestorTitles":["STable.vue"],"failureMessages":[],"fullName":"STable.vue renders correctly","location":null,"status":"passed","title":"renders correctly"},{"ancestorTitles":["STable.vue"],"failureMessages":[],"fullName":"STable.vue requires data","location":null,"status":"passed","title":"requires data"},{"ancestorTitles":["STable.vue"],"failureMessages":[],"fullName":"STable.vue allows slots to be used for data","location":null,"status":"passed","title":"allows slots to be used for data"},{"ancestorTitles":["STable.vue"],"failureMessages":[],"fullName":"STable.vue generates header cells from data","location":null,"status":"passed","title":"generates header cells from data"},{"ancestorTitles":["STable.vue"],"failureMessages":[],"fullName":"STable.vue can override generated headers","location":null,"status":"passed","title":"can override generated headers"},{"ancestorTitles":["STable.vue"],"failureMessages":[],"fullName":"STable.vue can hide header cells","location":null,"status":"passed","title":"can hide header cells"},{"ancestorTitles":["STable.vue"],"failureMessages":[],"fullName":"STable.vue can duplicate the header in the footer","location":null,"status":"passed","title":"can duplicate the header in the footer"},{"ancestorTitles":["STable.vue"],"failureMessages":[],"fullName":"STable.vue can have a caption","location":null,"status":"passed","title":"can have a caption"},{"ancestorTitles":["STable.vue"],"failureMessages":[],"fullName":"STable.vue can have the caption at the top","location":null,"status":"passed","title":"can have the caption at the top"},{"ancestorTitles":["STable.vue"],"failureMessages":[],"fullName":"STable.vue can be bordered","location":null,"status":"passed","title":"can be bordered"},{"ancestorTitles":["STable.vue"],"failureMessages":[],"fullName":"STable.vue can be hoverable","location":null,"status":"passed","title":"can be hoverable"},{"ancestorTitles":["STable.vue"],"failureMessages":[],"fullName":"STable.vue can be striped","location":null,"status":"passed","title":"can be striped"},{"ancestorTitles":["STable.vue"],"failureMessages":[],"fullName":"STable.vue can be fullwidth","location":null,"status":"passed","title":"can be fullwidth"}],"endTime":1589898152515,"message":"","name":"/builds/spartanbio-ux/schedio/src/components/STable/__tests__/STable.spec.js","startTime":1589898151604,"status":"passed","summary":""},{"assertionResults":[{"ancestorTitles":["SRadio.vue"],"failureMessages":[],"fullName":"SRadio.vue renders correctly","location":null,"status":"passed","title":"renders correctly"},{"ancestorTitles":["SRadio.vue"],"failureMessages":[],"fullName":"SRadio.vue requires required props","location":null,"status":"passed","title":"requires required props"},{"ancestorTitles":["SRadio.vue"],"failureMessages":[],"fullName":"SRadio.vue can be checked","location":null,"status":"passed","title":"can be checked"},{"ancestorTitles":["SRadio.vue"],"failureMessages":[],"fullName":"SRadio.vue can be a required input","location":null,"status":"passed","title":"can be a required input"},{"ancestorTitles":["SRadio.vue"],"failureMessages":[],"fullName":"SRadio.vue can be invalid","location":null,"status":"passed","title":"can be invalid"},{"ancestorTitles":["SRadio.vue"],"failureMessages":[],"fullName":"SRadio.vue can be disabled","location":null,"status":"passed","title":"can be disabled"},{"ancestorTitles":["SRadio.vue"],"failureMessages":[],"fullName":"SRadio.vue can be reversed","location":null,"status":"passed","title":"can be reversed"},{"ancestorTitles":["SRadio.vue"],"failureMessages":[],"fullName":"SRadio.vue can be grouped","location":null,"status":"passed","title":"can be grouped"},{"ancestorTitles":["SRadio.vue"],"failureMessages":[],"fullName":"SRadio.vue can hide the optional tag","location":null,"status":"passed","title":"can hide the optional tag"}],"endTime":1589898152947,"message":"","name":"/builds/spartanbio-ux/schedio/src/components/SRadio/__tests__/SRadio.spec.js","startTime":1589898152534,"status":"passed","summary":""},{"assertionResults":[{"ancestorTitles":["SSwitch.vue"],"failureMessages":[],"fullName":"SSwitch.vue renders correctly","location":null,"status":"passed","title":"renders correctly"},{"ancestorTitles":["SSwitch.vue"],"failureMessages":[],"fullName":"SSwitch.vue requires required props","location":null,"status":"passed","title":"requires required props"},{"ancestorTitles":["SSwitch.vue"],"failureMessages":[],"fullName":"SSwitch.vue can be checked and unchecked","location":null,"status":"passed","title":"can be checked and unchecked"},{"ancestorTitles":["SSwitch.vue"],"failureMessages":[],"fullName":"SSwitch.vue can be a required input","location":null,"status":"passed","title":"can be a required input"},{"ancestorTitles":["SSwitch.vue"],"failureMessages":[],"fullName":"SSwitch.vue can be invalid","location":null,"status":"passed","title":"can be invalid"},{"ancestorTitles":["SSwitch.vue"],"failureMessages":[],"fullName":"SSwitch.vue can be disabled","location":null,"status":"passed","title":"can be disabled"},{"ancestorTitles":["SSwitch.vue"],"failureMessages":[],"fullName":"SSwitch.vue can be reversed","location":null,"status":"passed","title":"can be reversed"},{"ancestorTitles":["SSwitch.vue"],"failureMessages":[],"fullName":"SSwitch.vue can be size small","location":null,"status":"passed","title":"can be size small"},{"ancestorTitles":["SSwitch.vue"],"failureMessages":[],"fullName":"SSwitch.vue can be size medium","location":null,"status":"passed","title":"can be size medium"},{"ancestorTitles":["SSwitch.vue"],"failureMessages":[],"fullName":"SSwitch.vue can be size large","location":null,"status":"passed","title":"can be size large"},{"ancestorTitles":["SSwitch.vue"],"failureMessages":[],"fullName":"SSwitch.vue validates size","location":null,"status":"passed","title":"validates size"},{"ancestorTitles":["SSwitch.vue"],"failureMessages":[],"fullName":"SSwitch.vue can hide the optional tag","location":null,"status":"passed","title":"can hide the optional tag"}],"endTime":1589898153354,"message":"","name":"/builds/spartanbio-ux/schedio/src/components/SSwitch/__tests__/SSwitch.spec.js","startTime":1589898152956,"status":"passed","summary":""},{"assertionResults":[{"ancestorTitles":["SToast.vue"],"failureMessages":[],"fullName":"SToast.vue renders toast type  correctly","location":null,"status":"passed","title":"renders toast type  correctly"},{"ancestorTitles":["SToast.vue"],"failureMessages":[],"fullName":"SToast.vue renders toast type success correctly","location":null,"status":"passed","title":"renders toast type success correctly"},{"ancestorTitles":["SToast.vue"],"failureMessages":[],"fullName":"SToast.vue renders toast type warning correctly","location":null,"status":"passed","title":"renders toast type warning correctly"},{"ancestorTitles":["SToast.vue"],"failureMessages":[],"fullName":"SToast.vue renders toast type error correctly","location":null,"status":"passed","title":"renders toast type error correctly"},{"ancestorTitles":["SToast.vue"],"failureMessages":[],"fullName":"SToast.vue warns if the wrong toast type is provided","location":null,"status":"passed","title":"warns if the wrong toast type is provided"},{"ancestorTitles":["SToast.vue"],"failureMessages":[],"fullName":"SToast.vue requires a title or body","location":null,"status":"passed","title":"requires a title or body"},{"ancestorTitles":["SToast.vue"],"failureMessages":[],"fullName":"SToast.vue can have position ","location":null,"status":"passed","title":"can have position "},{"ancestorTitles":["SToast.vue"],"failureMessages":[],"fullName":"SToast.vue can have position center","location":null,"status":"passed","title":"can have position center"},{"ancestorTitles":["SToast.vue"],"failureMessages":[],"fullName":"SToast.vue can have position right","location":null,"status":"passed","title":"can have position right"},{"ancestorTitles":["SToast.vue"],"failureMessages":[],"fullName":"SToast.vue validates position","location":null,"status":"passed","title":"validates position"},{"ancestorTitles":["SToast.vue"],"failureMessages":[],"fullName":"SToast.vue can have a clickable action","location":null,"status":"passed","title":"can have a clickable action"},{"ancestorTitles":["SToast.vue"],"failureMessages":[],"fullName":"SToast.vue closes on action click","location":null,"status":"passed","title":"closes on action click"},{"ancestorTitles":["SToast.vue"],"failureMessages":[],"fullName":"SToast.vue can have action text configured","location":null,"status":"passed","title":"can have action text configured"},{"ancestorTitles":["SToast.vue"],"failureMessages":[],"fullName":"SToast.vue can have the icon hidden","location":null,"status":"passed","title":"can have the icon hidden"}],"endTime":1589898153939,"message":"","name":"/builds/spartanbio-ux/schedio/src/components/SToast/__tests__/SToast.spec.js","startTime":1589898153360,"status":"passed","summary":""},{"assertionResults":[{"ancestorTitles":["STextarea.vue"],"failureMessages":[],"fullName":"STextarea.vue renders correctly","location":null,"status":"passed","title":"renders correctly"},{"ancestorTitles":["STextarea.vue"],"failureMessages":[],"fullName":"STextarea.vue requires required props","location":null,"status":"passed","title":"requires required props"},{"ancestorTitles":["STextarea.vue"],"failureMessages":[],"fullName":"STextarea.vue can be required","location":null,"status":"passed","title":"can be required"},{"ancestorTitles":["STextarea.vue"],"failureMessages":[],"fullName":"STextarea.vue can be invalid","location":null,"status":"passed","title":"can be invalid"},{"ancestorTitles":["STextarea.vue"],"failureMessages":[],"fullName":"STextarea.vue can have a placeholder","location":null,"status":"passed","title":"can have a placeholder"},{"ancestorTitles":["STextarea.vue"],"failureMessages":[],"fullName":"STextarea.vue accepts user input","location":null,"status":"passed","title":"accepts user input"},{"ancestorTitles":["STextarea.vue"],"failureMessages":[],"fullName":"STextarea.vue can have an icon on the left","location":null,"status":"passed","title":"can have an icon on the left"},{"ancestorTitles":["STextarea.vue"],"failureMessages":[],"fullName":"STextarea.vue can have an icon on the right","location":null,"status":"passed","title":"can have an icon on the right"},{"ancestorTitles":["STextarea.vue"],"failureMessages":[],"fullName":"STextarea.vue can set each icon color","location":null,"status":"passed","title":"can set each icon color"},{"ancestorTitles":["STextarea.vue"],"failureMessages":[],"fullName":"STextarea.vue can hide the optional tag","location":null,"status":"passed","title":"can hide the optional tag"}],"endTime":1589898154324,"message":"","name":"/builds/spartanbio-ux/schedio/src/components/STextarea/__tests__/STextarea.spec.js","startTime":1589898153948,"status":"passed","summary":""},{"assertionResults":[{"ancestorTitles":["SProgressBar.vue"],"failureMessages":[],"fullName":"SProgressBar.vue renders correctly","location":null,"status":"passed","title":"renders correctly"},{"ancestorTitles":["SProgressBar.vue"],"failureMessages":[],"fullName":"SProgressBar.vue renders progress","location":null,"status":"passed","title":"renders progress"},{"ancestorTitles":["SProgressBar.vue"],"failureMessages":[],"fullName":"SProgressBar.vue only allows values between 0 and 100","location":null,"status":"passed","title":"only allows values between 0 and 100"},{"ancestorTitles":["SProgressBar.vue"],"failureMessages":[],"fullName":"SProgressBar.vue can be turquoise","location":null,"status":"passed","title":"can be turquoise"},{"ancestorTitles":["SProgressBar.vue"],"failureMessages":[],"fullName":"SProgressBar.vue can be gold","location":null,"status":"passed","title":"can be gold"},{"ancestorTitles":["SProgressBar.vue"],"failureMessages":[],"fullName":"SProgressBar.vue can be ice","location":null,"status":"passed","title":"can be ice"},{"ancestorTitles":["SProgressBar.vue"],"failureMessages":[],"fullName":"SProgressBar.vue can be green","location":null,"status":"passed","title":"can be green"},{"ancestorTitles":["SProgressBar.vue"],"failureMessages":[],"fullName":"SProgressBar.vue can be magenta","location":null,"status":"passed","title":"can be magenta"},{"ancestorTitles":["SProgressBar.vue"],"failureMessages":[],"fullName":"SProgressBar.vue can be blue","location":null,"status":"passed","title":"can be blue"},{"ancestorTitles":["SProgressBar.vue"],"failureMessages":[],"fullName":"SProgressBar.vue can be night","location":null,"status":"passed","title":"can be night"},{"ancestorTitles":["SProgressBar.vue"],"failureMessages":[],"fullName":"SProgressBar.vue can be grey","location":null,"status":"passed","title":"can be grey"},{"ancestorTitles":["SProgressBar.vue"],"failureMessages":[],"fullName":"SProgressBar.vue can be red","location":null,"status":"passed","title":"can be red"},{"ancestorTitles":["SProgressBar.vue"],"failureMessages":[],"fullName":"SProgressBar.vue can be white","location":null,"status":"passed","title":"can be white"},{"ancestorTitles":["SProgressBar.vue"],"failureMessages":[],"fullName":"SProgressBar.vue only allows valid colors","location":null,"status":"passed","title":"only allows valid colors"},{"ancestorTitles":["SProgressBar.vue"],"failureMessages":[],"fullName":"SProgressBar.vue can be small","location":null,"status":"passed","title":"can be small"},{"ancestorTitles":["SProgressBar.vue"],"failureMessages":[],"fullName":"SProgressBar.vue can be medium","location":null,"status":"passed","title":"can be medium"},{"ancestorTitles":["SProgressBar.vue"],"failureMessages":[],"fullName":"SProgressBar.vue can be large","location":null,"status":"passed","title":"can be large"},{"ancestorTitles":["SProgressBar.vue"],"failureMessages":[],"fullName":"SProgressBar.vue only allows valid sizes","location":null,"status":"passed","title":"only allows valid sizes"},{"ancestorTitles":["SProgressBar.vue"],"failureMessages":[],"fullName":"SProgressBar.vue can display a message","location":null,"status":"passed","title":"can display a message"},{"ancestorTitles":["SProgressBar.vue"],"failureMessages":[],"fullName":"SProgressBar.vue can hide the percent complete","location":null,"status":"passed","title":"can hide the percent complete"}],"endTime":1589898155013,"message":"","name":"/builds/spartanbio-ux/schedio/src/components/SProgressBar/__tests__/SProgressBar.spec.js","startTime":1589898154331,"status":"passed","summary":""},{"assertionResults":[{"ancestorTitles":["SCheckbox.vue"],"failureMessages":[],"fullName":"SCheckbox.vue renders correctly","location":null,"status":"passed","title":"renders correctly"},{"ancestorTitles":["SCheckbox.vue"],"failureMessages":[],"fullName":"SCheckbox.vue requires required props","location":null,"status":"passed","title":"requires required props"},{"ancestorTitles":["SCheckbox.vue"],"failureMessages":[],"fullName":"SCheckbox.vue can be checked and unchecked","location":null,"status":"passed","title":"can be checked and unchecked"},{"ancestorTitles":["SCheckbox.vue"],"failureMessages":[],"fullName":"SCheckbox.vue can be a required input","location":null,"status":"passed","title":"can be a required input"},{"ancestorTitles":["SCheckbox.vue"],"failureMessages":[],"fullName":"SCheckbox.vue can be invalid","location":null,"status":"passed","title":"can be invalid"},{"ancestorTitles":["SCheckbox.vue"],"failureMessages":[],"fullName":"SCheckbox.vue can be disabled","location":null,"status":"passed","title":"can be disabled"},{"ancestorTitles":["SCheckbox.vue"],"failureMessages":[],"fullName":"SCheckbox.vue can be reversed","location":null,"status":"passed","title":"can be reversed"},{"ancestorTitles":["SCheckbox.vue"],"failureMessages":[],"fullName":"SCheckbox.vue can hide the optional tag","location":null,"status":"passed","title":"can hide the optional tag"}],"endTime":1589898155291,"message":"","name":"/builds/spartanbio-ux/schedio/src/components/SCheckbox/__tests__/SCheckbox.spec.js","startTime":1589898155020,"status":"passed","summary":""},{"assertionResults":[{"ancestorTitles":["SIcon.vue"],"failureMessages":[],"fullName":"SIcon.vue renders correctly","location":null,"status":"passed","title":"renders correctly"},{"ancestorTitles":["SIcon.vue"],"failureMessages":[],"fullName":"SIcon.vue requires an icon name","location":null,"status":"passed","title":"requires an icon name"},{"ancestorTitles":["SIcon.vue","color \"turquoise\""],"failureMessages":[],"fullName":"SIcon.vue color \"turquoise\" can be the base color","location":null,"status":"passed","title":"can be the base color"},{"ancestorTitles":["SIcon.vue","color \"gold\""],"failureMessages":[],"fullName":"SIcon.vue color \"gold\" can be the base color","location":null,"status":"passed","title":"can be the base color"},{"ancestorTitles":["SIcon.vue","color \"ice\""],"failureMessages":[],"fullName":"SIcon.vue color \"ice\" can be the base color","location":null,"status":"passed","title":"can be the base color"},{"ancestorTitles":["SIcon.vue","color \"green\""],"failureMessages":[],"fullName":"SIcon.vue color \"green\" can be the base color","location":null,"status":"passed","title":"can be the base color"},{"ancestorTitles":["SIcon.vue","color \"magenta\""],"failureMessages":[],"fullName":"SIcon.vue color \"magenta\" can be the base color","location":null,"status":"passed","title":"can be the base color"},{"ancestorTitles":["SIcon.vue","color \"blue\""],"failureMessages":[],"fullName":"SIcon.vue color \"blue\" can be the base color","location":null,"status":"passed","title":"can be the base color"},{"ancestorTitles":["SIcon.vue","color \"night\""],"failureMessages":[],"fullName":"SIcon.vue color \"night\" can be the base color","location":null,"status":"passed","title":"can be the base color"},{"ancestorTitles":["SIcon.vue","color \"grey\""],"failureMessages":[],"fullName":"SIcon.vue color \"grey\" can be the base color","location":null,"status":"passed","title":"can be the base color"},{"ancestorTitles":["SIcon.vue","color \"red\""],"failureMessages":[],"fullName":"SIcon.vue color \"red\" can be the base color","location":null,"status":"passed","title":"can be the base color"},{"ancestorTitles":["SIcon.vue","color \"white\""],"failureMessages":[],"fullName":"SIcon.vue color \"white\" can be the base color","location":null,"status":"passed","title":"can be the base color"},{"ancestorTitles":["SIcon.vue","validates"],"failureMessages":[],"fullName":"SIcon.vue validates icons","location":null,"status":"passed","title":"icons"},{"ancestorTitles":["SIcon.vue","validates"],"failureMessages":[],"fullName":"SIcon.vue validates color","location":null,"status":"passed","title":"color"},{"ancestorTitles":["SIcon.vue","validates"],"failureMessages":[],"fullName":"SIcon.vue validates shade","location":null,"status":"passed","title":"shade"},{"ancestorTitles":["SIcon.vue","validates"],"failureMessages":[],"fullName":"SIcon.vue validates size","location":null,"status":"passed","title":"size"},{"ancestorTitles":["SIcon.vue","size"],"failureMessages":[],"fullName":"SIcon.vue size can be \"small\"","location":null,"status":"passed","title":"can be \"small\""},{"ancestorTitles":["SIcon.vue","size"],"failureMessages":[],"fullName":"SIcon.vue size can be \"regular\"","location":null,"status":"passed","title":"can be \"regular\""},{"ancestorTitles":["SIcon.vue","size"],"failureMessages":[],"fullName":"SIcon.vue size can be \"large\"","location":null,"status":"passed","title":"can be \"large\""}],"endTime":1589898155579,"message":"","name":"/builds/spartanbio-ux/schedio/src/components/SIcon/__tests__/SIcon.spec.js","startTime":1589898155298,"status":"passed","summary":""},{"assertionResults":[{"ancestorTitles":["SFormValidation.vue"],"failureMessages":[],"fullName":"SFormValidation.vue renders correctly","location":null,"status":"passed","title":"renders correctly"},{"ancestorTitles":["SFormValidation.vue"],"failureMessages":[],"fullName":"SFormValidation.vue validates its visual state","location":null,"status":"passed","title":"validates its visual state"},{"ancestorTitles":["SFormValidation.vue"],"failureMessages":[],"fullName":"SFormValidation.vue accepts text as a prop or slot","location":null,"status":"passed","title":"accepts text as a prop or slot"},{"ancestorTitles":["SFormValidation.vue"],"failureMessages":[],"fullName":"SFormValidation.vue sets a visual state for  state","location":null,"status":"passed","title":"sets a visual state for  state"},{"ancestorTitles":["SFormValidation.vue"],"failureMessages":[],"fullName":"SFormValidation.vue sets a visual state for success state","location":null,"status":"passed","title":"sets a visual state for success state"},{"ancestorTitles":["SFormValidation.vue"],"failureMessages":[],"fullName":"SFormValidation.vue sets a visual state for warning state","location":null,"status":"passed","title":"sets a visual state for warning state"},{"ancestorTitles":["SFormValidation.vue"],"failureMessages":[],"fullName":"SFormValidation.vue sets a visual state for error state","location":null,"status":"passed","title":"sets a visual state for error state"},{"ancestorTitles":["SFormValidation.vue"],"failureMessages":[],"fullName":"SFormValidation.vue accepts an icon prop","location":null,"status":"passed","title":"accepts an icon prop"},{"ancestorTitles":["SFormValidation.vue"],"failureMessages":[],"fullName":"SFormValidation.vue can hide its icon","location":null,"status":"passed","title":"can hide its icon"}],"endTime":1589898156340,"message":"","name":"/builds/spartanbio-ux/schedio/src/components/SFormValidation/__tests__/SFormValidation.spec.js","startTime":1589898155657,"status":"passed","summary":""},{"assertionResults":[{"ancestorTitles":["SCard.vue"],"failureMessages":[],"fullName":"SCard.vue renders correctly","location":null,"status":"passed","title":"renders correctly"},{"ancestorTitles":["SCard.vue"],"failureMessages":[],"fullName":"SCard.vue can use different HTML tags","location":null,"status":"passed","title":"can use different HTML tags"},{"ancestorTitles":["SCard.vue"],"failureMessages":[],"fullName":"SCard.vue can show an image","location":null,"status":"passed","title":"can show an image"},{"ancestorTitles":["SCard.vue"],"failureMessages":[],"fullName":"SCard.vue can have content","location":null,"status":"passed","title":"can have content"},{"ancestorTitles":["SCard.vue"],"failureMessages":[],"fullName":"SCard.vue can remove padding from content","location":null,"status":"passed","title":"can remove padding from content"},{"ancestorTitles":["SCard.vue"],"failureMessages":[],"fullName":"SCard.vue can have a header","location":null,"status":"passed","title":"can have a header"},{"ancestorTitles":["SCard.vue"],"failureMessages":[],"fullName":"SCard.vue can have a footer","location":null,"status":"passed","title":"can have a footer"}],"endTime":1589898156619,"message":"","name":"/builds/spartanbio-ux/schedio/src/components/SCard/__tests__/SCard.spec.js","startTime":1589898156347,"status":"passed","summary":""},{"assertionResults":[{"ancestorTitles":["SHero.vue"],"failureMessages":[],"fullName":"SHero.vue renders correctly","location":null,"status":"passed","title":"renders correctly"},{"ancestorTitles":["SHero.vue"],"failureMessages":[],"fullName":"SHero.vue has a header","location":null,"status":"passed","title":"has a header"},{"ancestorTitles":["SHero.vue"],"failureMessages":[],"fullName":"SHero.vue has a body","location":null,"status":"passed","title":"has a body"},{"ancestorTitles":["SHero.vue"],"failureMessages":[],"fullName":"SHero.vue requires a default slot","location":null,"status":"passed","title":"requires a default slot"},{"ancestorTitles":["SHero.vue"],"failureMessages":[],"fullName":"SHero.vue hides empty slots","location":null,"status":"passed","title":"hides empty slots"},{"ancestorTitles":["SHero.vue"],"failureMessages":[],"fullName":"SHero.vue has a footer","location":null,"status":"passed","title":"has a footer"},{"ancestorTitles":["SHero.vue"],"failureMessages":[],"fullName":"SHero.vue can be turquoise","location":null,"status":"passed","title":"can be turquoise"},{"ancestorTitles":["SHero.vue"],"failureMessages":[],"fullName":"SHero.vue can be gold","location":null,"status":"passed","title":"can be gold"},{"ancestorTitles":["SHero.vue"],"failureMessages":[],"fullName":"SHero.vue can be ice","location":null,"status":"passed","title":"can be ice"},{"ancestorTitles":["SHero.vue"],"failureMessages":[],"fullName":"SHero.vue can be green","location":null,"status":"passed","title":"can be green"},{"ancestorTitles":["SHero.vue"],"failureMessages":[],"fullName":"SHero.vue can be magenta","location":null,"status":"passed","title":"can be magenta"},{"ancestorTitles":["SHero.vue"],"failureMessages":[],"fullName":"SHero.vue can be blue","location":null,"status":"passed","title":"can be blue"},{"ancestorTitles":["SHero.vue"],"failureMessages":[],"fullName":"SHero.vue can be night","location":null,"status":"passed","title":"can be night"},{"ancestorTitles":["SHero.vue"],"failureMessages":[],"fullName":"SHero.vue can be grey","location":null,"status":"passed","title":"can be grey"},{"ancestorTitles":["SHero.vue"],"failureMessages":[],"fullName":"SHero.vue can be red","location":null,"status":"passed","title":"can be red"},{"ancestorTitles":["SHero.vue"],"failureMessages":[],"fullName":"SHero.vue can be white","location":null,"status":"passed","title":"can be white"},{"ancestorTitles":["SHero.vue"],"failureMessages":[],"fullName":"SHero.vue can be half","location":null,"status":"passed","title":"can be half"},{"ancestorTitles":["SHero.vue"],"failureMessages":[],"fullName":"SHero.vue can be two-thirds","location":null,"status":"passed","title":"can be two-thirds"},{"ancestorTitles":["SHero.vue"],"failureMessages":[],"fullName":"SHero.vue can be three-quarters","location":null,"status":"passed","title":"can be three-quarters"},{"ancestorTitles":["SHero.vue"],"failureMessages":[],"fullName":"SHero.vue can be almost-full","location":null,"status":"passed","title":"can be almost-full"},{"ancestorTitles":["SHero.vue"],"failureMessages":[],"fullName":"SHero.vue can be full","location":null,"status":"passed","title":"can be full"},{"ancestorTitles":["SHero.vue"],"failureMessages":[],"fullName":"SHero.vue can have no padding on the body","location":null,"status":"passed","title":"can have no padding on the body"},{"ancestorTitles":["SHero.vue"],"failureMessages":[],"fullName":"SHero.vue can be any html tag","location":null,"status":"passed","title":"can be any html tag"}],"endTime":1589898157271,"message":"","name":"/builds/spartanbio-ux/schedio/src/components/SHero/__tests__/SHero.spec.js","startTime":1589898156625,"status":"passed","summary":""},{"assertionResults":[{"ancestorTitles":["SButtonGroup.vue"],"failureMessages":[],"fullName":"SButtonGroup.vue renders correctly","location":null,"status":"passed","title":"renders correctly"},{"ancestorTitles":["SButtonGroup.vue"],"failureMessages":[],"fullName":"SButtonGroup.vue renders child buttons","location":null,"status":"passed","title":"renders child buttons"},{"ancestorTitles":["SButtonGroup.vue"],"failureMessages":[],"fullName":"SButtonGroup.vue groups child buttons","location":null,"status":"passed","title":"groups child buttons"},{"ancestorTitles":["SButtonGroup.vue"],"failureMessages":[],"fullName":"SButtonGroup.vue disables shadow based on children disabled status","location":null,"status":"passed","title":"disables shadow based on children disabled status"}],"endTime":1589898157563,"message":"","name":"/builds/spartanbio-ux/schedio/src/components/SButtonGroup/__tests__/SButtonGroup.spec.js","startTime":1589898157278,"status":"passed","summary":""},{"assertionResults":[{"ancestorTitles":["SContainerColumn.vue"],"failureMessages":[],"fullName":"SContainerColumn.vue renders correctly","location":null,"status":"passed","title":"renders correctly"},{"ancestorTitles":["SContainerColumn.vue"],"failureMessages":[],"fullName":"SContainerColumn.vue accepts slot content","location":null,"status":"passed","title":"accepts slot content"},{"ancestorTitles":["SContainerColumn.vue"],"failureMessages":[],"fullName":"SContainerColumn.vue generates props for mobile breakpoints","location":null,"status":"passed","title":"generates props for mobile breakpoints"},{"ancestorTitles":["SContainerColumn.vue"],"failureMessages":[],"fullName":"SContainerColumn.vue can be size 1","location":null,"status":"passed","title":"can be size 1"},{"ancestorTitles":["SContainerColumn.vue"],"failureMessages":[],"fullName":"SContainerColumn.vue can be size 2","location":null,"status":"passed","title":"can be size 2"},{"ancestorTitles":["SContainerColumn.vue"],"failureMessages":[],"fullName":"SContainerColumn.vue can be size 3","location":null,"status":"passed","title":"can be size 3"},{"ancestorTitles":["SContainerColumn.vue"],"failureMessages":[],"fullName":"SContainerColumn.vue can be size 4","location":null,"status":"passed","title":"can be size 4"},{"ancestorTitles":["SContainerColumn.vue"],"failureMessages":[],"fullName":"SContainerColumn.vue can be size 5","location":null,"status":"passed","title":"can be size 5"},{"ancestorTitles":["SContainerColumn.vue"],"failureMessages":[],"fullName":"SContainerColumn.vue can be size 6","location":null,"status":"passed","title":"can be size 6"},{"ancestorTitles":["SContainerColumn.vue"],"failureMessages":[],"fullName":"SContainerColumn.vue can be size 7","location":null,"status":"passed","title":"can be size 7"},{"ancestorTitles":["SContainerColumn.vue"],"failureMessages":[],"fullName":"SContainerColumn.vue can be size 8","location":null,"status":"passed","title":"can be size 8"},{"ancestorTitles":["SContainerColumn.vue"],"failureMessages":[],"fullName":"SContainerColumn.vue can be size 9","location":null,"status":"passed","title":"can be size 9"},{"ancestorTitles":["SContainerColumn.vue"],"failureMessages":[],"fullName":"SContainerColumn.vue can be size 10","location":null,"status":"passed","title":"can be size 10"},{"ancestorTitles":["SContainerColumn.vue"],"failureMessages":[],"fullName":"SContainerColumn.vue can be size 11","location":null,"status":"passed","title":"can be size 11"},{"ancestorTitles":["SContainerColumn.vue"],"failureMessages":[],"fullName":"SContainerColumn.vue can be size 12","location":null,"status":"passed","title":"can be size 12"},{"ancestorTitles":["SContainerColumn.vue"],"failureMessages":[],"fullName":"SContainerColumn.vue can be offset 1","location":null,"status":"passed","title":"can be offset 1"},{"ancestorTitles":["SContainerColumn.vue"],"failureMessages":[],"fullName":"SContainerColumn.vue can be offset 2","location":null,"status":"passed","title":"can be offset 2"},{"ancestorTitles":["SContainerColumn.vue"],"failureMessages":[],"fullName":"SContainerColumn.vue can be offset 3","location":null,"status":"passed","title":"can be offset 3"},{"ancestorTitles":["SContainerColumn.vue"],"failureMessages":[],"fullName":"SContainerColumn.vue can be offset 4","location":null,"status":"passed","title":"can be offset 4"},{"ancestorTitles":["SContainerColumn.vue"],"failureMessages":[],"fullName":"SContainerColumn.vue can be offset 5","location":null,"status":"passed","title":"can be offset 5"},{"ancestorTitles":["SContainerColumn.vue"],"failureMessages":[],"fullName":"SContainerColumn.vue can be offset 6","location":null,"status":"passed","title":"can be offset 6"},{"ancestorTitles":["SContainerColumn.vue"],"failureMessages":[],"fullName":"SContainerColumn.vue can be offset 7","location":null,"status":"passed","title":"can be offset 7"},{"ancestorTitles":["SContainerColumn.vue"],"failureMessages":[],"fullName":"SContainerColumn.vue can be offset 8","location":null,"status":"passed","title":"can be offset 8"},{"ancestorTitles":["SContainerColumn.vue"],"failureMessages":[],"fullName":"SContainerColumn.vue can be offset 9","location":null,"status":"passed","title":"can be offset 9"},{"ancestorTitles":["SContainerColumn.vue"],"failureMessages":[],"fullName":"SContainerColumn.vue can be offset 10","location":null,"status":"passed","title":"can be offset 10"},{"ancestorTitles":["SContainerColumn.vue"],"failureMessages":[],"fullName":"SContainerColumn.vue can be offset 11","location":null,"status":"passed","title":"can be offset 11"},{"ancestorTitles":["SContainerColumn.vue"],"failureMessages":[],"fullName":"SContainerColumn.vue can be offset 12","location":null,"status":"passed","title":"can be offset 12"},{"ancestorTitles":["SContainerColumn.vue"],"failureMessages":[],"fullName":"SContainerColumn.vue can be narrow","location":null,"status":"passed","title":"can be narrow"},{"ancestorTitles":["SContainerColumn.vue"],"failureMessages":[],"fullName":"SContainerColumn.vue can be order 1","location":null,"status":"passed","title":"can be order 1"},{"ancestorTitles":["SContainerColumn.vue"],"failureMessages":[],"fullName":"SContainerColumn.vue can be order 2","location":null,"status":"passed","title":"can be order 2"},{"ancestorTitles":["SContainerColumn.vue"],"failureMessages":[],"fullName":"SContainerColumn.vue can be order 3","location":null,"status":"passed","title":"can be order 3"},{"ancestorTitles":["SContainerColumn.vue"],"failureMessages":[],"fullName":"SContainerColumn.vue can be order 4","location":null,"status":"passed","title":"can be order 4"},{"ancestorTitles":["SContainerColumn.vue"],"failureMessages":[],"fullName":"SContainerColumn.vue can be order 5","location":null,"status":"passed","title":"can be order 5"},{"ancestorTitles":["SContainerColumn.vue"],"failureMessages":[],"fullName":"SContainerColumn.vue can be order 6","location":null,"status":"passed","title":"can be order 6"},{"ancestorTitles":["SContainerColumn.vue"],"failureMessages":[],"fullName":"SContainerColumn.vue can be order 7","location":null,"status":"passed","title":"can be order 7"},{"ancestorTitles":["SContainerColumn.vue"],"failureMessages":[],"fullName":"SContainerColumn.vue can be order 8","location":null,"status":"passed","title":"can be order 8"},{"ancestorTitles":["SContainerColumn.vue"],"failureMessages":[],"fullName":"SContainerColumn.vue can be order 9","location":null,"status":"passed","title":"can be order 9"},{"ancestorTitles":["SContainerColumn.vue"],"failureMessages":[],"fullName":"SContainerColumn.vue can be order 10","location":null,"status":"passed","title":"can be order 10"},{"ancestorTitles":["SContainerColumn.vue"],"failureMessages":[],"fullName":"SContainerColumn.vue can be order 11","location":null,"status":"passed","title":"can be order 11"},{"ancestorTitles":["SContainerColumn.vue"],"failureMessages":[],"fullName":"SContainerColumn.vue can be order 12","location":null,"status":"passed","title":"can be order 12"},{"ancestorTitles":["SContainerColumn.vue"],"failureMessages":[],"fullName":"SContainerColumn.vue can be order first","location":null,"status":"passed","title":"can be order first"},{"ancestorTitles":["SContainerColumn.vue"],"failureMessages":[],"fullName":"SContainerColumn.vue can be order last","location":null,"status":"passed","title":"can be order last"},{"ancestorTitles":["SContainerColumn.vue"],"failureMessages":[],"fullName":"SContainerColumn.vue can be narrowUntilSm","location":null,"status":"passed","title":"can be narrowUntilSm"},{"ancestorTitles":["SContainerColumn.vue"],"failureMessages":[],"fullName":"SContainerColumn.vue can be narrowUntilMd","location":null,"status":"passed","title":"can be narrowUntilMd"},{"ancestorTitles":["SContainerColumn.vue"],"failureMessages":[],"fullName":"SContainerColumn.vue can be narrowUntilLg","location":null,"status":"passed","title":"can be narrowUntilLg"},{"ancestorTitles":["SContainerColumn.vue"],"failureMessages":[],"fullName":"SContainerColumn.vue can be narrowUntilXl","location":null,"status":"passed","title":"can be narrowUntilXl"},{"ancestorTitles":["SContainerColumn.vue"],"failureMessages":[],"fullName":"SContainerColumn.vue can be narrowAfterSm","location":null,"status":"passed","title":"can be narrowAfterSm"},{"ancestorTitles":["SContainerColumn.vue"],"failureMessages":[],"fullName":"SContainerColumn.vue can be narrowAfterMd","location":null,"status":"passed","title":"can be narrowAfterMd"},{"ancestorTitles":["SContainerColumn.vue"],"failureMessages":[],"fullName":"SContainerColumn.vue can be narrowAfterLg","location":null,"status":"passed","title":"can be narrowAfterLg"},{"ancestorTitles":["SContainerColumn.vue"],"failureMessages":[],"fullName":"SContainerColumn.vue can be narrowAfterXl","location":null,"status":"passed","title":"can be narrowAfterXl"},{"ancestorTitles":["SContainerColumn.vue"],"failureMessages":[],"fullName":"SContainerColumn.vue can be offsetSm 1","location":null,"status":"passed","title":"can be offsetSm 1"},{"ancestorTitles":["SContainerColumn.vue"],"failureMessages":[],"fullName":"SContainerColumn.vue can be offsetSm 2","location":null,"status":"passed","title":"can be offsetSm 2"},{"ancestorTitles":["SContainerColumn.vue"],"failureMessages":[],"fullName":"SContainerColumn.vue can be offsetSm 3","location":null,"status":"passed","title":"can be offsetSm 3"},{"ancestorTitles":["SContainerColumn.vue"],"failureMessages":[],"fullName":"SContainerColumn.vue can be offsetSm 4","location":null,"status":"passed","title":"can be offsetSm 4"},{"ancestorTitles":["SContainerColumn.vue"],"failureMessages":[],"fullName":"SContainerColumn.vue can be offsetSm 5","location":null,"status":"passed","title":"can be offsetSm 5"},{"ancestorTitles":["SContainerColumn.vue"],"failureMessages":[],"fullName":"SContainerColumn.vue can be offsetSm 6","location":null,"status":"passed","title":"can be offsetSm 6"},{"ancestorTitles":["SContainerColumn.vue"],"failureMessages":[],"fullName":"SContainerColumn.vue can be offsetSm 7","location":null,"status":"passed","title":"can be offsetSm 7"},{"ancestorTitles":["SContainerColumn.vue"],"failureMessages":[],"fullName":"SContainerColumn.vue can be offsetSm 8","location":null,"status":"passed","title":"can be offsetSm 8"},{"ancestorTitles":["SContainerColumn.vue"],"failureMessages":[],"fullName":"SContainerColumn.vue can be offsetSm 9","location":null,"status":"passed","title":"can be offsetSm 9"},{"ancestorTitles":["SContainerColumn.vue"],"failureMessages":[],"fullName":"SContainerColumn.vue can be offsetSm 10","location":null,"status":"passed","title":"can be offsetSm 10"},{"ancestorTitles":["SContainerColumn.vue"],"failureMessages":[],"fullName":"SContainerColumn.vue can be offsetSm 11","location":null,"status":"passed","title":"can be offsetSm 11"},{"ancestorTitles":["SContainerColumn.vue"],"failureMessages":[],"fullName":"SContainerColumn.vue can be offsetSm 12","location":null,"status":"passed","title":"can be offsetSm 12"},{"ancestorTitles":["SContainerColumn.vue"],"failureMessages":[],"fullName":"SContainerColumn.vue can be offsetMd 1","location":null,"status":"passed","title":"can be offsetMd 1"},{"ancestorTitles":["SContainerColumn.vue"],"failureMessages":[],"fullName":"SContainerColumn.vue can be offsetMd 2","location":null,"status":"passed","title":"can be offsetMd 2"},{"ancestorTitles":["SContainerColumn.vue"],"failureMessages":[],"fullName":"SContainerColumn.vue can be offsetMd 3","location":null,"status":"passed","title":"can be offsetMd 3"},{"ancestorTitles":["SContainerColumn.vue"],"failureMessages":[],"fullName":"SContainerColumn.vue can be offsetMd 4","location":null,"status":"passed","title":"can be offsetMd 4"},{"ancestorTitles":["SContainerColumn.vue"],"failureMessages":[],"fullName":"SContainerColumn.vue can be offsetMd 5","location":null,"status":"passed","title":"can be offsetMd 5"},{"ancestorTitles":["SContainerColumn.vue"],"failureMessages":[],"fullName":"SContainerColumn.vue can be offsetMd 6","location":null,"status":"passed","title":"can be offsetMd 6"},{"ancestorTitles":["SContainerColumn.vue"],"failureMessages":[],"fullName":"SContainerColumn.vue can be offsetMd 7","location":null,"status":"passed","title":"can be offsetMd 7"},{"ancestorTitles":["SContainerColumn.vue"],"failureMessages":[],"fullName":"SContainerColumn.vue can be offsetMd 8","location":null,"status":"passed","title":"can be offsetMd 8"},{"ancestorTitles":["SContainerColumn.vue"],"failureMessages":[],"fullName":"SContainerColumn.vue can be offsetMd 9","location":null,"status":"passed","title":"can be offsetMd 9"},{"ancestorTitles":["SContainerColumn.vue"],"failureMessages":[],"fullName":"SContainerColumn.vue can be offsetMd 10","location":null,"status":"passed","title":"can be offsetMd 10"},{"ancestorTitles":["SContainerColumn.vue"],"failureMessages":[],"fullName":"SContainerColumn.vue can be offsetMd 11","location":null,"status":"passed","title":"can be offsetMd 11"},{"ancestorTitles":["SContainerColumn.vue"],"failureMessages":[],"fullName":"SContainerColumn.vue can be offsetMd 12","location":null,"status":"passed","title":"can be offsetMd 12"},{"ancestorTitles":["SContainerColumn.vue"],"failureMessages":[],"fullName":"SContainerColumn.vue can be offsetLg 1","location":null,"status":"passed","title":"can be offsetLg 1"},{"ancestorTitles":["SContainerColumn.vue"],"failureMessages":[],"fullName":"SContainerColumn.vue can be offsetLg 2","location":null,"status":"passed","title":"can be offsetLg 2"},{"ancestorTitles":["SContainerColumn.vue"],"failureMessages":[],"fullName":"SContainerColumn.vue can be offsetLg 3","location":null,"status":"passed","title":"can be offsetLg 3"},{"ancestorTitles":["SContainerColumn.vue"],"failureMessages":[],"fullName":"SContainerColumn.vue can be offsetLg 4","location":null,"status":"passed","title":"can be offsetLg 4"},{"ancestorTitles":["SContainerColumn.vue"],"failureMessages":[],"fullName":"SContainerColumn.vue can be offsetLg 5","location":null,"status":"passed","title":"can be offsetLg 5"},{"ancestorTitles":["SContainerColumn.vue"],"failureMessages":[],"fullName":"SContainerColumn.vue can be offsetLg 6","location":null,"status":"passed","title":"can be offsetLg 6"},{"ancestorTitles":["SContainerColumn.vue"],"failureMessages":[],"fullName":"SContainerColumn.vue can be offsetLg 7","location":null,"status":"passed","title":"can be offsetLg 7"},{"ancestorTitles":["SContainerColumn.vue"],"failureMessages":[],"fullName":"SContainerColumn.vue can be offsetLg 8","location":null,"status":"passed","title":"can be offsetLg 8"},{"ancestorTitles":["SContainerColumn.vue"],"failureMessages":[],"fullName":"SContainerColumn.vue can be offsetLg 9","location":null,"status":"passed","title":"can be offsetLg 9"},{"ancestorTitles":["SContainerColumn.vue"],"failureMessages":[],"fullName":"SContainerColumn.vue can be offsetLg 10","location":null,"status":"passed","title":"can be offsetLg 10"},{"ancestorTitles":["SContainerColumn.vue"],"failureMessages":[],"fullName":"SContainerColumn.vue can be offsetLg 11","location":null,"status":"passed","title":"can be offsetLg 11"},{"ancestorTitles":["SContainerColumn.vue"],"failureMessages":[],"fullName":"SContainerColumn.vue can be offsetLg 12","location":null,"status":"passed","title":"can be offsetLg 12"},{"ancestorTitles":["SContainerColumn.vue"],"failureMessages":[],"fullName":"SContainerColumn.vue can be offsetXl 1","location":null,"status":"passed","title":"can be offsetXl 1"},{"ancestorTitles":["SContainerColumn.vue"],"failureMessages":[],"fullName":"SContainerColumn.vue can be offsetXl 2","location":null,"status":"passed","title":"can be offsetXl 2"},{"ancestorTitles":["SContainerColumn.vue"],"failureMessages":[],"fullName":"SContainerColumn.vue can be offsetXl 3","location":null,"status":"passed","title":"can be offsetXl 3"},{"ancestorTitles":["SContainerColumn.vue"],"failureMessages":[],"fullName":"SContainerColumn.vue can be offsetXl 4","location":null,"status":"passed","title":"can be offsetXl 4"},{"ancestorTitles":["SContainerColumn.vue"],"failureMessages":[],"fullName":"SContainerColumn.vue can be offsetXl 5","location":null,"status":"passed","title":"can be offsetXl 5"},{"ancestorTitles":["SContainerColumn.vue"],"failureMessages":[],"fullName":"SContainerColumn.vue can be offsetXl 6","location":null,"status":"passed","title":"can be offsetXl 6"},{"ancestorTitles":["SContainerColumn.vue"],"failureMessages":[],"fullName":"SContainerColumn.vue can be offsetXl 7","location":null,"status":"passed","title":"can be offsetXl 7"},{"ancestorTitles":["SContainerColumn.vue"],"failureMessages":[],"fullName":"SContainerColumn.vue can be offsetXl 8","location":null,"status":"passed","title":"can be offsetXl 8"},{"ancestorTitles":["SContainerColumn.vue"],"failureMessages":[],"fullName":"SContainerColumn.vue can be offsetXl 9","location":null,"status":"passed","title":"can be offsetXl 9"},{"ancestorTitles":["SContainerColumn.vue"],"failureMessages":[],"fullName":"SContainerColumn.vue can be offsetXl 10","location":null,"status":"passed","title":"can be offsetXl 10"},{"ancestorTitles":["SContainerColumn.vue"],"failureMessages":[],"fullName":"SContainerColumn.vue can be offsetXl 11","location":null,"status":"passed","title":"can be offsetXl 11"},{"ancestorTitles":["SContainerColumn.vue"],"failureMessages":[],"fullName":"SContainerColumn.vue can be offsetXl 12","location":null,"status":"passed","title":"can be offsetXl 12"},{"ancestorTitles":["SContainerColumn.vue"],"failureMessages":[],"fullName":"SContainerColumn.vue can be orderSm 1","location":null,"status":"passed","title":"can be orderSm 1"},{"ancestorTitles":["SContainerColumn.vue"],"failureMessages":[],"fullName":"SContainerColumn.vue can be orderSm 2","location":null,"status":"passed","title":"can be orderSm 2"},{"ancestorTitles":["SContainerColumn.vue"],"failureMessages":[],"fullName":"SContainerColumn.vue can be orderSm 3","location":null,"status":"passed","title":"can be orderSm 3"},{"ancestorTitles":["SContainerColumn.vue"],"failureMessages":[],"fullName":"SContainerColumn.vue can be orderSm 4","location":null,"status":"passed","title":"can be orderSm 4"},{"ancestorTitles":["SContainerColumn.vue"],"failureMessages":[],"fullName":"SContainerColumn.vue can be orderSm 5","location":null,"status":"passed","title":"can be orderSm 5"},{"ancestorTitles":["SContainerColumn.vue"],"failureMessages":[],"fullName":"SContainerColumn.vue can be orderSm 6","location":null,"status":"passed","title":"can be orderSm 6"},{"ancestorTitles":["SContainerColumn.vue"],"failureMessages":[],"fullName":"SContainerColumn.vue can be orderSm 7","location":null,"status":"passed","title":"can be orderSm 7"},{"ancestorTitles":["SContainerColumn.vue"],"failureMessages":[],"fullName":"SContainerColumn.vue can be orderSm 8","location":null,"status":"passed","title":"can be orderSm 8"},{"ancestorTitles":["SContainerColumn.vue"],"failureMessages":[],"fullName":"SContainerColumn.vue can be orderSm 9","location":null,"status":"passed","title":"can be orderSm 9"},{"ancestorTitles":["SContainerColumn.vue"],"failureMessages":[],"fullName":"SContainerColumn.vue can be orderSm 10","location":null,"status":"passed","title":"can be orderSm 10"},{"ancestorTitles":["SContainerColumn.vue"],"failureMessages":[],"fullName":"SContainerColumn.vue can be orderSm 11","location":null,"status":"passed","title":"can be orderSm 11"},{"ancestorTitles":["SContainerColumn.vue"],"failureMessages":[],"fullName":"SContainerColumn.vue can be orderSm 12","location":null,"status":"passed","title":"can be orderSm 12"},{"ancestorTitles":["SContainerColumn.vue"],"failureMessages":[],"fullName":"SContainerColumn.vue can be orderSm first","location":null,"status":"passed","title":"can be orderSm first"},{"ancestorTitles":["SContainerColumn.vue"],"failureMessages":[],"fullName":"SContainerColumn.vue can be orderSm last","location":null,"status":"passed","title":"can be orderSm last"},{"ancestorTitles":["SContainerColumn.vue"],"failureMessages":[],"fullName":"SContainerColumn.vue can be orderMd 1","location":null,"status":"passed","title":"can be orderMd 1"},{"ancestorTitles":["SContainerColumn.vue"],"failureMessages":[],"fullName":"SContainerColumn.vue can be orderMd 2","location":null,"status":"passed","title":"can be orderMd 2"},{"ancestorTitles":["SContainerColumn.vue"],"failureMessages":[],"fullName":"SContainerColumn.vue can be orderMd 3","location":null,"status":"passed","title":"can be orderMd 3"},{"ancestorTitles":["SContainerColumn.vue"],"failureMessages":[],"fullName":"SContainerColumn.vue can be orderMd 4","location":null,"status":"passed","title":"can be orderMd 4"},{"ancestorTitles":["SContainerColumn.vue"],"failureMessages":[],"fullName":"SContainerColumn.vue can be orderMd 5","location":null,"status":"passed","title":"can be orderMd 5"},{"ancestorTitles":["SContainerColumn.vue"],"failureMessages":[],"fullName":"SContainerColumn.vue can be orderMd 6","location":null,"status":"passed","title":"can be orderMd 6"},{"ancestorTitles":["SContainerColumn.vue"],"failureMessages":[],"fullName":"SContainerColumn.vue can be orderMd 7","location":null,"status":"passed","title":"can be orderMd 7"},{"ancestorTitles":["SContainerColumn.vue"],"failureMessages":[],"fullName":"SContainerColumn.vue can be orderMd 8","location":null,"status":"passed","title":"can be orderMd 8"},{"ancestorTitles":["SContainerColumn.vue"],"failureMessages":[],"fullName":"SContainerColumn.vue can be orderMd 9","location":null,"status":"passed","title":"can be orderMd 9"},{"ancestorTitles":["SContainerColumn.vue"],"failureMessages":[],"fullName":"SContainerColumn.vue can be orderMd 10","location":null,"status":"passed","title":"can be orderMd 10"},{"ancestorTitles":["SContainerColumn.vue"],"failureMessages":[],"fullName":"SContainerColumn.vue can be orderMd 11","location":null,"status":"passed","title":"can be orderMd 11"},{"ancestorTitles":["SContainerColumn.vue"],"failureMessages":[],"fullName":"SContainerColumn.vue can be orderMd 12","location":null,"status":"passed","title":"can be orderMd 12"},{"ancestorTitles":["SContainerColumn.vue"],"failureMessages":[],"fullName":"SContainerColumn.vue can be orderMd first","location":null,"status":"passed","title":"can be orderMd first"},{"ancestorTitles":["SContainerColumn.vue"],"failureMessages":[],"fullName":"SContainerColumn.vue can be orderMd last","location":null,"status":"passed","title":"can be orderMd last"},{"ancestorTitles":["SContainerColumn.vue"],"failureMessages":[],"fullName":"SContainerColumn.vue can be orderLg 1","location":null,"status":"passed","title":"can be orderLg 1"},{"ancestorTitles":["SContainerColumn.vue"],"failureMessages":[],"fullName":"SContainerColumn.vue can be orderLg 2","location":null,"status":"passed","title":"can be orderLg 2"},{"ancestorTitles":["SContainerColumn.vue"],"failureMessages":[],"fullName":"SContainerColumn.vue can be orderLg 3","location":null,"status":"passed","title":"can be orderLg 3"},{"ancestorTitles":["SContainerColumn.vue"],"failureMessages":[],"fullName":"SContainerColumn.vue can be orderLg 4","location":null,"status":"passed","title":"can be orderLg 4"},{"ancestorTitles":["SContainerColumn.vue"],"failureMessages":[],"fullName":"SContainerColumn.vue can be orderLg 5","location":null,"status":"passed","title":"can be orderLg 5"},{"ancestorTitles":["SContainerColumn.vue"],"failureMessages":[],"fullName":"SContainerColumn.vue can be orderLg 6","location":null,"status":"passed","title":"can be orderLg 6"},{"ancestorTitles":["SContainerColumn.vue"],"failureMessages":[],"fullName":"SContainerColumn.vue can be orderLg 7","location":null,"status":"passed","title":"can be orderLg 7"},{"ancestorTitles":["SContainerColumn.vue"],"failureMessages":[],"fullName":"SContainerColumn.vue can be orderLg 8","location":null,"status":"passed","title":"can be orderLg 8"},{"ancestorTitles":["SContainerColumn.vue"],"failureMessages":[],"fullName":"SContainerColumn.vue can be orderLg 9","location":null,"status":"passed","title":"can be orderLg 9"},{"ancestorTitles":["SContainerColumn.vue"],"failureMessages":[],"fullName":"SContainerColumn.vue can be orderLg 10","location":null,"status":"passed","title":"can be orderLg 10"},{"ancestorTitles":["SContainerColumn.vue"],"failureMessages":[],"fullName":"SContainerColumn.vue can be orderLg 11","location":null,"status":"passed","title":"can be orderLg 11"},{"ancestorTitles":["SContainerColumn.vue"],"failureMessages":[],"fullName":"SContainerColumn.vue can be orderLg 12","location":null,"status":"passed","title":"can be orderLg 12"},{"ancestorTitles":["SContainerColumn.vue"],"failureMessages":[],"fullName":"SContainerColumn.vue can be orderLg first","location":null,"status":"passed","title":"can be orderLg first"},{"ancestorTitles":["SContainerColumn.vue"],"failureMessages":[],"fullName":"SContainerColumn.vue can be orderLg last","location":null,"status":"passed","title":"can be orderLg last"},{"ancestorTitles":["SContainerColumn.vue"],"failureMessages":[],"fullName":"SContainerColumn.vue can be orderXl 1","location":null,"status":"passed","title":"can be orderXl 1"},{"ancestorTitles":["SContainerColumn.vue"],"failureMessages":[],"fullName":"SContainerColumn.vue can be orderXl 2","location":null,"status":"passed","title":"can be orderXl 2"},{"ancestorTitles":["SContainerColumn.vue"],"failureMessages":[],"fullName":"SContainerColumn.vue can be orderXl 3","location":null,"status":"passed","title":"can be orderXl 3"},{"ancestorTitles":["SContainerColumn.vue"],"failureMessages":[],"fullName":"SContainerColumn.vue can be orderXl 4","location":null,"status":"passed","title":"can be orderXl 4"},{"ancestorTitles":["SContainerColumn.vue"],"failureMessages":[],"fullName":"SContainerColumn.vue can be orderXl 5","location":null,"status":"passed","title":"can be orderXl 5"},{"ancestorTitles":["SContainerColumn.vue"],"failureMessages":[],"fullName":"SContainerColumn.vue can be orderXl 6","location":null,"status":"passed","title":"can be orderXl 6"},{"ancestorTitles":["SContainerColumn.vue"],"failureMessages":[],"fullName":"SContainerColumn.vue can be orderXl 7","location":null,"status":"passed","title":"can be orderXl 7"},{"ancestorTitles":["SContainerColumn.vue"],"failureMessages":[],"fullName":"SContainerColumn.vue can be orderXl 8","location":null,"status":"passed","title":"can be orderXl 8"},{"ancestorTitles":["SContainerColumn.vue"],"failureMessages":[],"fullName":"SContainerColumn.vue can be orderXl 9","loc
[...]
between"},{"ancestorTitles":["SContainerRow.vue"],"failureMessages":[],"fullName":"SContainerRow.vue can be justifyUntilSm start","location":null,"status":"passed","title":"can be justifyUntilSm start"},{"ancestorTitles":["SContainerRow.vue"],"failureMessages":[],"fullName":"SContainerRow.vue can be justifyUntilSm center","location":null,"status":"passed","title":"can be justifyUntilSm center"},{"ancestorTitles":["SContainerRow.vue"],"failureMessages":[],"fullName":"SContainerRow.vue can be justifyUntilSm end","location":null,"status":"passed","title":"can be justifyUntilSm end"},{"ancestorTitles":["SContainerRow.vue"],"failureMessages":[],"fullName":"SContainerRow.vue can be justifyUntilSm around","location":null,"status":"passed","title":"can be justifyUntilSm around"},{"ancestorTitles":["SContainerRow.vue"],"failureMessages":[],"fullName":"SContainerRow.vue can be justifyUntilSm between","location":null,"status":"passed","title":"can be justifyUntilSm between"},{"ancestorTitles":["SContainerRow.vue"],"failureMessages":[],"fullName":"SContainerRow.vue can be justifyUntilMd start","location":null,"status":"passed","title":"can be justifyUntilMd start"},{"ancestorTitles":["SContainerRow.vue"],"failureMessages":[],"fullName":"SContainerRow.vue can be justifyUntilMd center","location":null,"status":"passed","title":"can be justifyUntilMd center"},{"ancestorTitles":["SContainerRow.vue"],"failureMessages":[],"fullName":"SContainerRow.vue can be justifyUntilMd end","location":null,"status":"passed","title":"can be justifyUntilMd end"},{"ancestorTitles":["SContainerRow.vue"],"failureMessages":[],"fullName":"SContainerRow.vue can be justifyUntilMd around","location":null,"status":"passed","title":"can be justifyUntilMd around"},{"ancestorTitles":["SContainerRow.vue"],"failureMessages":[],"fullName":"SContainerRow.vue can be justifyUntilMd between","location":null,"status":"passed","title":"can be justifyUntilMd between"},{"ancestorTitles":["SContainerRow.vue"],"failureMessages":[],"fullName":"SContainerRow.vue can be justifyUntilLg start","location":null,"status":"passed","title":"can be justifyUntilLg start"},{"ancestorTitles":["SContainerRow.vue"],"failureMessages":[],"fullName":"SContainerRow.vue can be justifyUntilLg center","location":null,"status":"passed","title":"can be justifyUntilLg center"},{"ancestorTitles":["SContainerRow.vue"],"failureMessages":[],"fullName":"SContainerRow.vue can be justifyUntilLg end","location":null,"status":"passed","title":"can be justifyUntilLg end"},{"ancestorTitles":["SContainerRow.vue"],"failureMessages":[],"fullName":"SContainerRow.vue can be justifyUntilLg around","location":null,"status":"passed","title":"can be justifyUntilLg around"},{"ancestorTitles":["SContainerRow.vue"],"failureMessages":[],"fullName":"SContainerRow.vue can be justifyUntilLg between","location":null,"status":"passed","title":"can be justifyUntilLg between"},{"ancestorTitles":["SContainerRow.vue"],"failureMessages":[],"fullName":"SContainerRow.vue can be justifyUntilXl start","location":null,"status":"passed","title":"can be justifyUntilXl start"},{"ancestorTitles":["SContainerRow.vue"],"failureMessages":[],"fullName":"SContainerRow.vue can be justifyUntilXl center","location":null,"status":"passed","title":"can be justifyUntilXl center"},{"ancestorTitles":["SContainerRow.vue"],"failureMessages":[],"fullName":"SContainerRow.vue can be justifyUntilXl end","location":null,"status":"passed","title":"can be justifyUntilXl end"},{"ancestorTitles":["SContainerRow.vue"],"failureMessages":[],"fullName":"SContainerRow.vue can be justifyUntilXl around","location":null,"status":"passed","title":"can be justifyUntilXl around"},{"ancestorTitles":["SContainerRow.vue"],"failureMessages":[],"fullName":"SContainerRow.vue can be justifyUntilXl between","location":null,"status":"passed","title":"can be justifyUntilXl between"},{"ancestorTitles":["SContainerRow.vue"],"failureMessages":[],"fullName":"SContainerRow.vue can be justifyAfterSm start","location":null,"status":"passed","title":"can be justifyAfterSm start"},{"ancestorTitles":["SContainerRow.vue"],"failureMessages":[],"fullName":"SContainerRow.vue can be justifyAfterSm center","location":null,"status":"passed","title":"can be justifyAfterSm center"},{"ancestorTitles":["SContainerRow.vue"],"failureMessages":[],"fullName":"SContainerRow.vue can be justifyAfterSm end","location":null,"status":"passed","title":"can be justifyAfterSm end"},{"ancestorTitles":["SContainerRow.vue"],"failureMessages":[],"fullName":"SContainerRow.vue can be justifyAfterSm around","location":null,"status":"passed","title":"can be justifyAfterSm around"},{"ancestorTitles":["SContainerRow.vue"],"failureMessages":[],"fullName":"SContainerRow.vue can be justifyAfterSm between","location":null,"status":"passed","title":"can be justifyAfterSm between"},{"ancestorTitles":["SContainerRow.vue"],"failureMessages":[],"fullName":"SContainerRow.vue can be justifyAfterMd start","location":null,"status":"passed","title":"can be justifyAfterMd start"},{"ancestorTitles":["SContainerRow.vue"],"failureMessages":[],"fullName":"SContainerRow.vue can be justifyAfterMd center","location":null,"status":"passed","title":"can be justifyAfterMd center"},{"ancestorTitles":["SContainerRow.vue"],"failureMessages":[],"fullName":"SContainerRow.vue can be justifyAfterMd end","location":null,"status":"passed","title":"can be justifyAfterMd end"},{"ancestorTitles":["SContainerRow.vue"],"failureMessages":[],"fullName":"SContainerRow.vue can be justifyAfterMd around","location":null,"status":"passed","title":"can be justifyAfterMd around"},{"ancestorTitles":["SContainerRow.vue"],"failureMessages":[],"fullName":"SContainerRow.vue can be justifyAfterMd between","location":null,"status":"passed","title":"can be justifyAfterMd between"},{"ancestorTitles":["SContainerRow.vue"],"failureMessages":[],"fullName":"SContainerRow.vue can be justifyAfterLg start","location":null,"status":"passed","title":"can be justifyAfterLg start"},{"ancestorTitles":["SContainerRow.vue"],"failureMessages":[],"fullName":"SContainerRow.vue can be justifyAfterLg center","location":null,"status":"passed","title":"can be justifyAfterLg center"},{"ancestorTitles":["SContainerRow.vue"],"failureMessages":[],"fullName":"SContainerRow.vue can be justifyAfterLg end","location":null,"status":"passed","title":"can be justifyAfterLg end"},{"ancestorTitles":["SContainerRow.vue"],"failureMessages":[],"fullName":"SContainerRow.vue can be justifyAfterLg around","location":null,"status":"passed","title":"can be justifyAfterLg around"},{"ancestorTitles":["SContainerRow.vue"],"failureMessages":[],"fullName":"SContainerRow.vue can be justifyAfterLg between","location":null,"status":"passed","title":"can be justifyAfterLg between"},{"ancestorTitles":["SContainerRow.vue"],"failureMessages":[],"fullName":"SContainerRow.vue can be justifyAfterXl start","location":null,"status":"passed","title":"can be justifyAfterXl start"},{"ancestorTitles":["SContainerRow.vue"],"failureMessages":[],"fullName":"SContainerRow.vue can be justifyAfterXl center","location":null,"status":"passed","title":"can be justifyAfterXl center"},{"ancestorTitles":["SContainerRow.vue"],"failureMessages":[],"fullName":"SContainerRow.vue can be justifyAfterXl end","location":null,"status":"passed","title":"can be justifyAfterXl end"},{"ancestorTitles":["SContainerRow.vue"],"failureMessages":[],"fullName":"SContainerRow.vue can be justifyAfterXl around","location":null,"status":"passed","title":"can be justifyAfterXl around"},{"ancestorTitles":["SContainerRow.vue"],"failureMessages":[],"fullName":"SContainerRow.vue can be justifyAfterXl between","location":null,"status":"passed","title":"can be justifyAfterXl between"}],"endTime":1589898159936,"message":"","name":"/builds/spartanbio-ux/schedio/src/components/SContainerRow/__tests__/SContainerRow.spec.js","startTime":1589898159246,"status":"passed","summary":""},{"assertionResults":[{"ancestorTitles":["SSpinner.vue"],"failureMessages":[],"fullName":"SSpinner.vue renders correctly","location":null,"status":"passed","title":"renders correctly"},{"ancestorTitles":["SSpinner.vue"],"failureMessages":[],"fullName":"SSpinner.vue can be green","location":null,"status":"passed","title":"can be green"},{"ancestorTitles":["SSpinner.vue"],"failureMessages":[],"fullName":"SSpinner.vue can be grey-lighter","location":null,"status":"passed","title":"can be grey-lighter"},{"ancestorTitles":["SSpinner.vue"],"failureMessages":[],"fullName":"SSpinner.vue can be ice","location":null,"status":"passed","title":"can be ice"},{"ancestorTitles":["SSpinner.vue"],"failureMessages":[],"fullName":"SSpinner.vue can be night-light","location":null,"status":"passed","title":"can be night-light"},{"ancestorTitles":["SSpinner.vue"],"failureMessages":[],"fullName":"SSpinner.vue can be blue","location":null,"status":"passed","title":"can be blue"},{"ancestorTitles":["SSpinner.vue"],"failureMessages":[],"fullName":"SSpinner.vue can be white","location":null,"status":"passed","title":"can be white"},{"ancestorTitles":["SSpinner.vue"],"failureMessages":[],"fullName":"SSpinner.vue only allows valid colors","location":null,"status":"passed","title":"only allows valid colors"},{"ancestorTitles":["SSpinner.vue"],"failureMessages":[],"fullName":"SSpinner.vue can be small","location":null,"status":"passed","title":"can be small"},{"ancestorTitles":["SSpinner.vue"],"failureMessages":[],"fullName":"SSpinner.vue can be regular","location":null,"status":"passed","title":"can be regular"},{"ancestorTitles":["SSpinner.vue"],"failureMessages":[],"fullName":"SSpinner.vue can be medium","location":null,"status":"passed","title":"can be medium"},{"ancestorTitles":["SSpinner.vue"],"failureMessages":[],"fullName":"SSpinner.vue can be large","location":null,"status":"passed","title":"can be large"},{"ancestorTitles":["SSpinner.vue"],"failureMessages":[],"fullName":"SSpinner.vue can be xl","location":null,"status":"passed","title":"can be xl"},{"ancestorTitles":["SSpinner.vue"],"failureMessages":[],"fullName":"SSpinner.vue only allows valid sizes","location":null,"status":"passed","title":"only allows valid sizes"}],"endTime":1589898160562,"message":"","name":"/builds/spartanbio-ux/schedio/src/components/SSpinner/__tests__/SSpinner.spec.js","startTime":1589898160020,"status":"passed","summary":""},{"assertionResults":[{"ancestorTitles":["SCallout.vue"],"failureMessages":[],"fullName":"SCallout.vue renders correctly","location":null,"status":"passed","title":"renders correctly"},{"ancestorTitles":["SCallout.vue"],"failureMessages":[],"fullName":"SCallout.vue can have type ","location":null,"status":"passed","title":"can have type "},{"ancestorTitles":["SCallout.vue"],"failureMessages":[],"fullName":"SCallout.vue can have type success","location":null,"status":"passed","title":"can have type success"},{"ancestorTitles":["SCallout.vue"],"failureMessages":[],"fullName":"SCallout.vue can have type warning","location":null,"status":"passed","title":"can have type warning"},{"ancestorTitles":["SCallout.vue"],"failureMessages":[],"fullName":"SCallout.vue can have type error","location":null,"status":"passed","title":"can have type error"},{"ancestorTitles":["SCallout.vue"],"failureMessages":[],"fullName":"SCallout.vue validates the `type`","location":null,"status":"passed","title":"validates the `type`"},{"ancestorTitles":["SCallout.vue"],"failureMessages":[],"fullName":"SCallout.vue accepts slot content","location":null,"status":"passed","title":"accepts slot content"}],"endTime":1589898160860,"message":"","name":"/builds/spartanbio-ux/schedio/src/components/SCallout/__tests__/SCallout.spec.js","startTime":1589898160568,"status":"passed","summary":""},{"assertionResults":[{"ancestorTitles":["SChipGroup.vue"],"failureMessages":[],"fullName":"SChipGroup.vue renders correctly","location":null,"status":"passed","title":"renders correctly"},{"ancestorTitles":["SChipGroup.vue"],"failureMessages":[],"fullName":"SChipGroup.vue has a slot","location":null,"status":"passed","title":"has a slot"},{"ancestorTitles":["SChipGroup.vue"],"failureMessages":[],"fullName":"SChipGroup.vue can have color turquoise","location":null,"status":"passed","title":"can have color turquoise"},{"ancestorTitles":["SChipGroup.vue"],"failureMessages":[],"fullName":"SChipGroup.vue can have color gold","location":null,"status":"passed","title":"can have color gold"},{"ancestorTitles":["SChipGroup.vue"],"failureMessages":[],"fullName":"SChipGroup.vue can have color ice","location":null,"status":"passed","title":"can have color ice"},{"ancestorTitles":["SChipGroup.vue"],"failureMessages":[],"fullName":"SChipGroup.vue can have color green","location":null,"status":"passed","title":"can have color green"},{"ancestorTitles":["SChipGroup.vue"],"failureMessages":[],"fullName":"SChipGroup.vue can have color magenta","location":null,"status":"passed","title":"can have color magenta"},{"ancestorTitles":["SChipGroup.vue"],"failureMessages":[],"fullName":"SChipGroup.vue can have color blue","location":null,"status":"passed","title":"can have color blue"},{"ancestorTitles":["SChipGroup.vue"],"failureMessages":[],"fullName":"SChipGroup.vue can have color night","location":null,"status":"passed","title":"can have color night"},{"ancestorTitles":["SChipGroup.vue"],"failureMessages":[],"fullName":"SChipGroup.vue can have color grey","location":null,"status":"passed","title":"can have color grey"},{"ancestorTitles":["SChipGroup.vue"],"failureMessages":[],"fullName":"SChipGroup.vue can have color red","location":null,"status":"passed","title":"can have color red"},{"ancestorTitles":["SChipGroup.vue"],"failureMessages":[],"fullName":"SChipGroup.vue can have color white","location":null,"status":"passed","title":"can have color white"},{"ancestorTitles":["SChipGroup.vue"],"failureMessages":[],"fullName":"SChipGroup.vue validates colors","location":null,"status":"passed","title":"validates colors"}],"endTime":1589898161282,"message":"","name":"/builds/spartanbio-ux/schedio/src/components/SChipGroup/__tests__/SChipGroup.spec.js","startTime":1589898160868,"status":"passed","summary":""},{"assertionResults":[{"ancestorTitles":["SCollapse.vue"],"failureMessages":[],"fullName":"SCollapse.vue renders correctly","location":null,"status":"passed","title":"renders correctly"},{"ancestorTitles":["SCollapse.vue"],"failureMessages":[],"fullName":"SCollapse.vue opens and closes","location":null,"status":"passed","title":"opens and closes"},{"ancestorTitles":["SCollapse.vue"],"failureMessages":[],"fullName":"SCollapse.vue accepts props for text","location":null,"status":"passed","title":"accepts props for text"},{"ancestorTitles":["SCollapse.vue"],"failureMessages":[],"fullName":"SCollapse.vue accepts slots for text","location":null,"status":"passed","title":"accepts slots for text"}],"endTime":1589898161533,"message":"","name":"/builds/spartanbio-ux/schedio/src/components/SCollapse/__tests__/SCollapse.spec.js","startTime":1589898161291,"status":"passed","summary":""},{"assertionResults":[{"ancestorTitles":["SLogo.vue"],"failureMessages":[],"fullName":"SLogo.vue renders correctly","location":null,"status":"passed","title":"renders correctly"},{"ancestorTitles":["SLogo.vue"],"failureMessages":[],"fullName":"SLogo.vue can be color ","location":null,"status":"passed","title":"can be color "},{"ancestorTitles":["SLogo.vue"],"failureMessages":[],"fullName":"SLogo.vue can be color white","location":null,"status":"passed","title":"can be color white"},{"ancestorTitles":["SLogo.vue"],"failureMessages":[],"fullName":"SLogo.vue can be color night","location":null,"status":"passed","title":"can be color night"},{"ancestorTitles":["SLogo.vue"],"failureMessages":[],"fullName":"SLogo.vue can be color grey","location":null,"status":"passed","title":"can be color grey"},{"ancestorTitles":["SLogo.vue"],"failureMessages":[],"fullName":"SLogo.vue validates color","location":null,"status":"passed","title":"validates color"}],"endTime":1589898161805,"message":"","name":"/builds/spartanbio-ux/schedio/src/components/SLogo/__tests__/SLogo.spec.js","startTime":1589898161539,"status":"passed","summary":""},{"assertionResults":[{"ancestorTitles":["SContainer.vue"],"failureMessages":[],"fullName":"SContainer.vue renders correctly","location":null,"status":"passed","title":"renders correctly"},{"ancestorTitles":["SContainer.vue"],"failureMessages":[],"fullName":"SContainer.vue renders slot content","location":null,"status":"passed","title":"renders slot content"},{"ancestorTitles":["SContainer.vue"],"failureMessages":[],"fullName":"SContainer.vue can be fullwidth","location":null,"status":"passed","title":"can be fullwidth"},{"ancestorTitles":["SContainer.vue"],"failureMessages":[],"fullName":"SContainer.vue can be any html element","location":null,"status":"passed","title":"can be any html element"}],"endTime":1589898161931,"message":"","name":"/builds/spartanbio-ux/schedio/src/components/SContainer/__tests__/SContainer.spec.js","startTime":1589898161811,"status":"passed","summary":""},{"assertionResults":[{"ancestorTitles":["SLazyImage.vue"],"failureMessages":[],"fullName":"SLazyImage.vue renders correctly","location":null,"status":"passed","title":"renders correctly"},{"ancestorTitles":["SLazyImage.vue"],"failureMessages":[],"fullName":"SLazyImage.vue requires src","location":null,"status":"passed","title":"requires src"}],"endTime":1589898162108,"message":"","name":"/builds/spartanbio-ux/schedio/src/components/SLazyImage/__tests__/SLazyImage.spec.js","startTime":1589898161938,"status":"passed","summary":""},{"assertionResults":[{"ancestorTitles":["SCardContainer.vue"],"failureMessages":[],"fullName":"SCardContainer.vue renders correctly","location":null,"status":"passed","title":"renders correctly"},{"ancestorTitles":["SCardContainer.vue"],"failureMessages":[],"fullName":"SCardContainer.vue can have content","location":null,"status":"passed","title":"can have content"},{"ancestorTitles":["SCardContainer.vue"],"failureMessages":[],"fullName":"SCardContainer.vue can be any html element","location":null,"status":"passed","title":"can be any html element"}],"endTime":1589898162341,"message":"","name":"/builds/spartanbio-ux/schedio/src/components/SCardContainer/__tests__/SCardContainer.spec.js","startTime":1589898162114,"status":"passed","summary":""},{"assertionResults":[{"ancestorTitles":["Mock file for file upload testing"],"failureMessages":[],"fullName":"Mock file for file upload testing should be defined","location":null,"status":"passed","title":"should be defined"},{"ancestorTitles":["Mock file for file upload testing"],"failureMessages":[],"fullName":"Mock file for file upload testing should have default values","location":null,"status":"passed","title":"should have default values"},{"ancestorTitles":["Mock file for file upload testing"],"failureMessages":[],"fullName":"Mock file for file upload testing should have specific values","location":null,"status":"passed","title":"should have specific values"}],"endTime":1589898163367,"message":"","name":"/builds/spartanbio-ux/schedio/tests/unit/MockFile.spec.js","startTime":1589898162370,"status":"passed","summary":""},{"assertionResults":[{"ancestorTitles":["STableRow.vue"],"failureMessages":[],"fullName":"STableRow.vue renders correctly","location":null,"status":"passed","title":"renders correctly"}],"endTime":1589898163491,"message":"","name":"/builds/spartanbio-ux/schedio/src/components/STableRow/__tests__/STableRow.spec.js","startTime":1589898163376,"status":"passed","summary":""},{"assertionResults":[{"ancestorTitles":["SFormField.vue"],"failureMessages":[],"fullName":"SFormField.vue renders correctly","location":null,"status":"passed","title":"renders correctly"}],"endTime":1589898163605,"message":"","name":"/builds/spartanbio-ux/schedio/src/components/SFormField/__tests__/SFormField.spec.js","startTime":1589898163498,"status":"passed","summary":""}],"wasInterrupted":false}